<?xml version="1.0" encoding="UTF-8"?>
<testsuite xmlns:xsi="http://www.w3.org/2001/XMLSchema-instance" xsi:noNamespaceSchemaLocation="https://maven.apache.org/surefire/maven-surefire-plugin/xsd/surefire-test-report-3.0.xsd" version="3.0" name="ru.diasoft.micro.archunit.NamingConventionTests" time="1.176" tests="2" errors="0" skipped="0" failures="0">
  <properties>
    <property name="sun.desktop" value="windows"/>
    <property name="awt.toolkit" value="sun.awt.windows.WToolkit"/>
    <property name="git.tags" value=""/>
    <property name="file.encoding.pkg" value="sun.io"/>
    <property name="java.specification.version" value="1.8"/>
    <property name="sun.cpu.isalist" value="amd64"/>
    <property name="git.build.version" value="1.01.01-SNAPSHOT"/>
    <property name="sun.jnu.encoding" value="Cp1251"/>
    <property name="java.class.path" value="C:\_PROJECTS_\microlessons\lesson13\demo\service\target\test-classes;C:\_PROJECTS_\microlessons\lesson13\demo\service\target\classes;C:\MavenLocalRepozitory\org\springframework\boot\spring-boot-starter\2.2.6.RELEASE\spring-boot-starter-2.2.6.RELEASE.jar;C:\MavenLocalRepozitory\org\springframework\boot\spring-boot\2.2.6.RELEASE\spring-boot-2.2.6.RELEASE.jar;C:\MavenLocalRepozitory\org\springframework\spring-context\5.2.5.RELEASE\spring-context-5.2.5.RELEASE.jar;C:\MavenLocalRepozitory\org\springframework\boot\spring-boot-autoconfigure\2.2.6.RELEASE\spring-boot-autoconfigure-2.2.6.RELEASE.jar;C:\MavenLocalRepozitory\jakarta\annotation\jakarta.annotation-api\1.3.5\jakarta.annotation-api-1.3.5.jar;C:\MavenLocalRepozitory\org\springframework\spring-core\5.2.5.RELEASE\spring-core-5.2.5.RELEASE.jar;C:\MavenLocalRepozitory\org\springframework\spring-jcl\5.2.5.RELEASE\spring-jcl-5.2.5.RELEASE.jar;C:\MavenLocalRepozitory\org\yaml\snakeyaml\1.25\snakeyaml-1.25.jar;C:\MavenLocalRepozitory\ru\diasoft\micro\core-starter\1.20.01-21040101\core-starter-1.20.01-21040101.jar;C:\MavenLocalRepozitory\ru\diasoft\digitalq\dslogging-spring-boot-starter\1.05.17-21040101\dslogging-spring-boot-starter-1.05.17-21040101.jar;C:\MavenLocalRepozitory\ru\diasoft\digitalq\dslogging\1.05.17-21040101\dslogging-1.05.17-21040101.jar;C:\MavenLocalRepozitory\ru\diasoft\digitalq\dslogging-log4j2\1.05.17-21040101\dslogging-log4j2-1.05.17-21040101.jar;C:\MavenLocalRepozitory\ru\diasoft\flextera\dstrace\4.01.01-21032201\dstrace-4.01.01-21032201.jar;C:\MavenLocalRepozitory\commons-io\commons-io\2.5\commons-io-2.5.jar;C:\MavenLocalRepozitory\com\lmax\disruptor\3.4.2\disruptor-3.4.2.jar;C:\MavenLocalRepozitory\org\apache\kafka\kafka-clients\2.3.1\kafka-clients-2.3.1.jar;C:\MavenLocalRepozitory\com\github\luben\zstd-jni\1.4.0-1\zstd-jni-1.4.0-1.jar;C:\MavenLocalRepozitory\org\lz4\lz4-java\1.6.0\lz4-java-1.6.0.jar;C:\MavenLocalRepozitory\org\xerial\snappy\snappy-java\1.1.7.3\snappy-java-1.1.7.3.jar;C:\MavenLocalRepozitory\biz\paluch\logging\logstash-gelf\1.14.0\logstash-gelf-1.14.0.jar;C:\MavenLocalRepozitory\org\apache\logging\log4j\log4j-api\2.13.0\log4j-api-2.13.0.jar;C:\MavenLocalRepozitory\org\apache\logging\log4j\log4j-slf4j-impl\2.13.0\log4j-slf4j-impl-2.13.0.jar;C:\MavenLocalRepozitory\org\apache\logging\log4j\log4j-jul\2.13.0\log4j-jul-2.13.0.jar;C:\MavenLocalRepozitory\org\apache\logging\log4j\log4j-spring-cloud-config-client\2.13.0\log4j-spring-cloud-config-client-2.13.0.jar;C:\MavenLocalRepozitory\org\springframework\cloud\spring-cloud-config-client\2.2.3.RELEASE\spring-cloud-config-client-2.2.3.RELEASE.jar;C:\MavenLocalRepozitory\org\springframework\spring-context-support\5.2.5.RELEASE\spring-context-support-5.2.5.RELEASE.jar;C:\MavenLocalRepozitory\commons-logging\commons-logging\1.2\commons-logging-1.2.jar;C:\MavenLocalRepozitory\org\apache\logging\log4j\log4j-docker\2.13.0\log4j-docker-2.13.0.jar;C:\MavenLocalRepozitory\org\apache\logging\log4j\log4j-kubernetes\2.13.0\log4j-kubernetes-2.13.0.jar;C:\MavenLocalRepozitory\io\fabric8\kubernetes-client\4.4.1\kubernetes-client-4.4.1.jar;C:\MavenLocalRepozitory\io\fabric8\kubernetes-model\4.4.1\kubernetes-model-4.4.1.jar;C:\MavenLocalRepozitory\io\fabric8\kubernetes-model-common\4.4.1\kubernetes-model-common-4.4.1.jar;C:\MavenLocalRepozitory\javax\validation\validation-api\2.0.1.Final\validation-api-2.0.1.Final.jar;C:\MavenLocalRepozitory\org\glassfish\javax.el\3.0.1-b11\javax.el-3.0.1-b11.jar;C:\MavenLocalRepozitory\org\slf4j\jul-to-slf4j\1.7.30\jul-to-slf4j-1.7.30.jar;C:\MavenLocalRepozitory\com\fasterxml\jackson\dataformat\jackson-dataformat-yaml\2.10.3\jackson-dataformat-yaml-2.10.3.jar;C:\MavenLocalRepozitory\io\fabric8\zjsonpatch\0.3.0\zjsonpatch-0.3.0.jar;C:\MavenLocalRepozitory\com\github\mifmif\generex\1.0.2\generex-1.0.2.jar;C:\MavenLocalRepozitory\dk\brics\automaton\automaton\1.11-8\automaton-1.11-8.jar;C:\MavenLocalRepozitory\org\apache\commons\commons-lang3\3.9\commons-lang3-3.9.jar;C:\MavenLocalRepozitory\net\bytebuddy\byte-buddy\1.10.8\byte-buddy-1.10.8.jar;C:\MavenLocalRepozitory\ru\diasoft\micro\jpa-starter\1.20.01-21040101\jpa-starter-1.20.01-21040101.jar;C:\MavenLocalRepozitory\org\springframework\boot\spring-boot-starter-data-jpa\2.2.6.RELEASE\spring-boot-starter-data-jpa-2.2.6.RELEASE.jar;C:\MavenLocalRepozitory\org\springframework\boot\spring-boot-starter-aop\2.2.6.RELEASE\spring-boot-starter-aop-2.2.6.RELEASE.jar;C:\MavenLocalRepozitory\org\springframework\boot\spring-boot-starter-jdbc\2.2.6.RELEASE\spring-boot-starter-jdbc-2.2.6.RELEASE.jar;C:\MavenLocalRepozitory\com\zaxxer\HikariCP\3.4.2\HikariCP-3.4.2.jar;C:\MavenLocalRepozitory\org\springframework\spring-jdbc\5.2.5.RELEASE\spring-jdbc-5.2.5.RELEASE.jar;C:\MavenLocalRepozitory\jakarta\activation\jakarta.activation-api\1.2.2\jakarta.activation-api-1.2.2.jar;C:\MavenLocalRepozitory\jakarta\persistence\jakarta.persistence-api\2.2.3\jakarta.persistence-api-2.2.3.jar;C:\MavenLocalRepozitory\jakarta\transaction\jakarta.transaction-api\1.3.3\jakarta.transaction-api-1.3.3.jar;C:\MavenLocalRepozitory\org\hibernate\hibernate-core\5.4.12.Final\hibernate-core-5.4.12.Final.jar;C:\MavenLocalRepozitory\org\jboss\logging\jboss-logging\3.4.1.Final\jboss-logging-3.4.1.Final.jar;C:\MavenLocalRepozitory\org\javassist\javassist\3.23.2-GA\javassist-3.23.2-GA.jar;C:\MavenLocalRepozitory\antlr\antlr\2.7.7\antlr-2.7.7.jar;C:\MavenLocalRepozitory\org\jboss\jandex\2.1.1.Final\jandex-2.1.1.Final.jar;C:\MavenLocalRepozitory\org\dom4j\dom4j\2.1.1\dom4j-2.1.1.jar;C:\MavenLocalRepozitory\org\hibernate\common\hibernate-commons-annotations\5.1.0.Final\hibernate-commons-annotations-5.1.0.Final.jar;C:\MavenLocalRepozitory\org\springframework\data\spring-data-jpa\2.2.6.RELEASE\spring-data-jpa-2.2.6.RELEASE.jar;C:\MavenLocalRepozitory\org\springframework\data\spring-data-commons\2.2.6.RELEASE\spring-data-commons-2.2.6.RELEASE.jar;C:\MavenLocalRepozitory\org\springframework\spring-orm\5.2.5.RELEASE\spring-orm-5.2.5.RELEASE.jar;C:\MavenLocalRepozitory\org\springframework\spring-tx\5.2.5.RELEASE\spring-tx-5.2.5.RELEASE.jar;C:\MavenLocalRepozitory\ru\diasoft\flextera\dstrace-spring-boot-starter-jpa\4.01.01-21032201\dstrace-spring-boot-starter-jpa-4.01.01-21032201.jar;C:\MavenLocalRepozitory\ru\diasoft\flextera\dstrace-spring-boot-starter\4.01.01-21032201\dstrace-spring-boot-starter-4.01.01-21032201.jar;C:\MavenLocalRepozitory\ru\diasoft\flextera\dstrace-brave\4.01.01-21032201\dstrace-brave-4.01.01-21032201.jar;C:\MavenLocalRepozitory\io\zipkin\brave\brave\5.12.3\brave-5.12.3.jar;C:\MavenLocalRepozitory\io\zipkin\reporter2\zipkin-reporter-brave\2.15.0\zipkin-reporter-brave-2.15.0.jar;C:\MavenLocalRepozitory\org\springframework\cloud\spring-cloud-starter-zipkin\2.2.3.RELEASE\spring-cloud-starter-zipkin-2.2.3.RELEASE.jar;C:\MavenLocalRepozitory\org\springframework\cloud\spring-cloud-starter-sleuth\2.2.3.RELEASE\spring-cloud-starter-sleuth-2.2.3.RELEASE.jar;C:\MavenLocalRepozitory\org\springframework\cloud\spring-cloud-sleuth-core\2.2.3.RELEASE\spring-cloud-sleuth-core-2.2.3.RELEASE.jar;C:\MavenLocalRepozitory\org\aspectj\aspectjrt\1.9.5\aspectjrt-1.9.5.jar;C:\MavenLocalRepozitory\io\zipkin\brave\brave-context-slf4j\5.12.3\brave-context-slf4j-5.12.3.jar;C:\MavenLocalRepozitory\io\zipkin\brave\brave-instrumentation-messaging\5.12.3\brave-instrumentation-messaging-5.12.3.jar;C:\MavenLocalRepozitory\io\zipkin\brave\brave-instrumentation-rpc\5.12.3\brave-instrumentation-rpc-5.12.3.jar;C:\MavenLocalRepozitory\io\zipkin\brave\brave-instrumentation-spring-web\5.12.3\brave-instrumentation-spring-web-5.12.3.jar;C:\MavenLocalRepozitory\io\zipkin\brave\brave-instrumentation-spring-rabbit\5.12.3\brave-instrumentation-spring-rabbit-5.12.3.jar;C:\MavenLocalRepozitory\io\zipkin\brave\brave-instrumentation-kafka-clients\5.12.3\brave-instrumentation-kafka-clients-5.12.3.jar;C:\MavenLocalRepozitory\io\zipkin\brave\brave-instrumentation-kafka-streams\5.12.3\brave-instrumentation-kafka-streams-5.12.3.jar;C:\MavenLocalRepozitory\io\zipkin\brave\brave-instrumentation-httpclient\5.12.3\brave-instrumentation-httpclient-5.12.3.jar;C:\MavenLocalRepozitory\io\zipkin\brave\brave-instrumentation-httpasyncclient\5.12.3\brave-instrumentation-httpasyncclient-5.12.3.jar;C:\MavenLocalRepozitory\io\zipkin\brave\brave-instrumentation-spring-webmvc\5.12.3\brave-instrumentation-spring-webmvc-5.12.3.jar;C:\MavenLocalRepozitory\io\zipkin\brave\brave-instrumentation-servlet\5.12.3\brave-instrumentation-servlet-5.12.3.jar;C:\MavenLocalRepozitory\io\zipkin\brave\brave-instrumentation-jms\5.12.3\brave-instrumentation-jms-5.12.3.jar;C:\MavenLocalRepozitory\io\zipkin\reporter2\zipkin-reporter-metrics-micrometer\2.15.0\zipkin-reporter-metrics-micrometer-2.15.0.jar;C:\MavenLocalRepozitory\org\springframework\cloud\spring-cloud-sleuth-zipkin\2.2.3.RELEASE\spring-cloud-sleuth-zipkin-2.2.3.RELEASE.jar;C:\MavenLocalRepozitory\io\zipkin\zipkin2\zipkin\2.21.1\zipkin-2.21.1.jar;C:\MavenLocalRepozitory\io\zipkin\reporter2\zipkin-reporter\2.15.0\zipkin-reporter-2.15.0.jar;C:\MavenLocalRepozitory\io\zipkin\reporter2\zipkin-sender-kafka\2.15.0\zipkin-sender-kafka-2.15.0.jar;C:\MavenLocalRepozitory\io\zipkin\reporter2\zipkin-sender-activemq-client\2.15.0\zipkin-sender-activemq-client-2.15.0.jar;C:\MavenLocalRepozitory\io\zipkin\reporter2\zipkin-sender-amqp-client\2.15.0\zipkin-sender-amqp-client-2.15.0.jar;C:\MavenLocalRepozitory\net\ttddyy\datasource-proxy\1.7\datasource-proxy-1.7.jar;C:\MavenLocalRepozitory\com\querydsl\querydsl-apt\4.2.2\querydsl-apt-4.2.2.jar;C:\MavenLocalRepozitory\com\querydsl\querydsl-jpa\4.2.2\querydsl-jpa-4.2.2.jar;C:\MavenLocalRepozitory\com\querydsl\querydsl-core\4.2.2\querydsl-core-4.2.2.jar;C:\MavenLocalRepozitory\com\google\code\findbugs\jsr305\1.3.9\jsr305-1.3.9.jar;C:\MavenLocalRepozitory\com\mysema\commons\mysema-commons-lang\0.2.4\mysema-commons-lang-0.2.4.jar;C:\MavenLocalRepozitory\com\infradna\tool\bridge-method-annotation\1.13\bridge-method-annotation-1.13.jar;C:\MavenLocalRepozitory\javax\inject\javax.inject\1\javax.inject-1.jar;C:\MavenLocalRepozitory\com\querydsl\querydsl-codegen\4.2.2\querydsl-codegen-4.2.2.jar;C:\MavenLocalRepozitory\com\mysema\codegen\codegen\0.6.8\codegen-0.6.8.jar;C:\MavenLocalRepozitory\org\eclipse\jdt\core\compiler\ecj\4.3.1\ecj-4.3.1.jar;C:\MavenLocalRepozitory\org\reflections\reflections\0.9.9\reflections-0.9.9.jar;C:\MavenLocalRepozitory\com\google\code\findbugs\annotations\2.0.1\annotations-2.0.1.jar;C:\MavenLocalRepozitory\ru\diasoft\micro\mdp\lib\mdpquerydsl\9.04.04-21021701\mdpquerydsl-9.04.04-21021701.jar;C:\MavenLocalRepozitory\com\querydsl\querydsl-collections\4.2.2\querydsl-collections-4.2.2.jar;C:\MavenLocalRepozitory\org\apache\commons\commons-collections4\4.3\commons-collections4-4.3.jar;C:\MavenLocalRepozitory\com\google\guava\guava\29.0-android\guava-29.0-android.jar;C:\MavenLocalRepozitory\com\google\guava\failureaccess\1.0.1\failureaccess-1.0.1.jar;C:\MavenLocalRepozitory\com\google\guava\listenablefuture\9999.0-empty-to-avoid-conflict-with-guava\listenablefuture-9999.0-empty-to-avoid-conflict-with-guava.jar;C:\MavenLocalRepozitory\org\checkerframework\checker-compat-qual\2.5.5\checker-compat-qual-2.5.5.jar;C:\MavenLocalRepozitory\com\google\errorprone\error_prone_annotations\2.3.4\error_prone_annotations-2.3.4.jar;C:\MavenLocalRepozitory\com\google\j2objc\j2objc-annotations\1.3\j2objc-annotations-1.3.jar;C:\MavenLocalRepozitory\org\postgresql\postgresql\42.2.11\postgresql-42.2.11.jar;C:\MavenLocalRepozitory\net\sourceforge\jtds\jtds\1.3.1\jtds-1.3.1.jar;C:\MavenLocalRepozitory\com\oracle\ojdbc7\12.1.0.1\ojdbc7-12.1.0.1.jar;C:\MavenLocalRepozitory\com\h2database\h2\1.4.200\h2-1.4.200.jar;C:\MavenLocalRepozitory\ru\diasoft\micro\stream-kafka-starter\1.20.01-21040101\stream-kafka-starter-1.20.01-21040101.jar;C:\MavenLocalRepozitory\org\springframework\cloud\spring-cloud-starter-stream-kafka\2.2.0.RELEASE\spring-cloud-starter-stream-kafka-2.2.0.RELEASE.jar;C:\MavenLocalRepozitory\org\springframework\cloud\spring-cloud-stream-binder-kafka\3.0.5.RELEASE\spring-cloud-stream-binder-kafka-3.0.5.RELEASE.jar;C:\MavenLocalRepozitory\org\springframework\cloud\spring-cloud-stream-binder-kafka-core\3.0.5.RELEASE\spring-cloud-stream-binder-kafka-core-3.0.5.RELEASE.jar;C:\MavenLocalRepozitory\org\springframework\integration\spring-integration-kafka\3.2.1.RELEASE\spring-integration-kafka-3.2.1.RELEASE.jar;C:\MavenLocalRepozitory\org\springframework\cloud\spring-cloud-stream\3.0.5.RELEASE\spring-cloud-stream-3.0.5.RELEASE.jar;C:\MavenLocalRepozitory\org\springframework\spring-messaging\5.2.5.RELEASE\spring-messaging-5.2.5.RELEASE.jar;C:\MavenLocalRepozitory\org\springframework\integration\spring-integration-core\5.2.5.RELEASE\spring-integration-core-5.2.5.RELEASE.jar;C:\MavenLocalRepozitory\org\springframework\integration\spring-integration-jmx\5.2.5.RELEASE\spring-integration-jmx-5.2.5.RELEASE.jar;C:\MavenLocalRepozitory\org\springframework\retry\spring-retry\1.2.5.RELEASE\spring-retry-1.2.5.RELEASE.jar;C:\MavenLocalRepozitory\org\springframework\cloud\spring-cloud-function-context\3.0.7.RELEASE\spring-cloud-function-context-3.0.7.RELEASE.jar;C:\MavenLocalRepozitory\net\jodah\typetools\0.6.2\typetools-0.6.2.jar;C:\MavenLocalRepozitory\org\springframework\cloud\spring-cloud-function-core\3.0.7.RELEASE\spring-cloud-function-core-3.0.7.RELEASE.jar;C:\MavenLocalRepozitory\org\springframework\kafka\spring-kafka\2.3.7.RELEASE\spring-kafka-2.3.7.RELEASE.jar;C:\MavenLocalRepozitory\ru\diasoft\flextera\dstrace-spring-boot-starter-cloud-stream\4.01.01-21032201\dstrace-spring-boot-starter-cloud-stream-4.01.01-21032201.jar;C:\MavenLocalRepozitory\ru\diasoft\micro\feign-starter\1.20.01-21040101\feign-starter-1.20.01-21040101.jar;C:\MavenLocalRepozitory\org\springframework\cloud\spring-cloud-starter-openfeign\2.2.0.RELEASE\spring-cloud-starter-openfeign-2.2.0.RELEASE.jar;C:\MavenLocalRepozitory\org\springframework\cloud\spring-cloud-openfeign-core\2.2.3.RELEASE\spring-cloud-openfeign-core-2.2.3.RELEASE.jar;C:\MavenLocalRepozitory\io\github\openfeign\form\feign-form-spring\3.8.0\feign-form-spring-3.8.0.jar;C:\MavenLocalRepozitory\io\github\openfeign\form\feign-form\3.8.0\feign-form-3.8.0.jar;C:\MavenLocalRepozitory\commons-fileupload\commons-fileupload\1.4\commons-fileupload-1.4.jar;C:\MavenLocalRepozitory\org\springframework\cloud\spring-cloud-commons\2.2.3.RELEASE\spring-cloud-commons-2.2.3.RELEASE.jar;C:\MavenLocalRepozitory\org\springframework\security\spring-security-crypto\5.2.2.RELEASE\spring-security-crypto-5.2.2.RELEASE.jar;C:\MavenLocalRepozitory\io\github\openfeign\feign-core\10.10.1\feign-core-10.10.1.jar;C:\MavenLocalRepozitory\io\github\openfeign\feign-slf4j\10.10.1\feign-slf4j-10.10.1.jar;C:\MavenLocalRepozitory\io\github\openfeign\feign-hystrix\10.10.1\feign-hystrix-10.10.1.jar;C:\MavenLocalRepozitory\com\netflix\hystrix\hystrix-core\1.5.18\hystrix-core-1.5.18.jar;C:\MavenLocalRepozitory\ru\diasoft\flextera\dstrace-spring-boot-starter-feign\4.01.01-21032201\dstrace-spring-boot-starter-feign-4.01.01-21032201.jar;C:\MavenLocalRepozitory\ru\diasoft\micro\mdp\lib\mdpribbon\9.04.04-21020901\mdpribbon-9.04.04-21020901.jar;C:\MavenLocalRepozitory\org\springframework\cloud\spring-cloud-starter-netflix-ribbon\2.2.3.RELEASE\spring-cloud-starter-netflix-ribbon-2.2.3.RELEASE.jar;C:\MavenLocalRepozitory\org\springframework\cloud\spring-cloud-netflix-ribbon\2.2.3.RELEASE\spring-cloud-netflix-ribbon-2.2.3.RELEASE.jar;C:\MavenLocalRepozitory\com\netflix\ribbon\ribbon\2.3.0\ribbon-2.3.0.jar;C:\MavenLocalRepozitory\com\netflix\ribbon\ribbon-transport\2.3.0\ribbon-transport-2.3.0.jar;C:\MavenLocalRepozitory\io\reactivex\rxnetty-contexts\0.4.9\rxnetty-contexts-0.4.9.jar;C:\MavenLocalRepozitory\io\reactivex\rxnetty-servo\0.4.9\rxnetty-servo-0.4.9.jar;C:\MavenLocalRepozitory\io\reactivex\rxnetty\0.4.9\rxnetty-0.4.9.jar;C:\MavenLocalRepozitory\com\netflix\ribbon\ribbon-core\2.3.0\ribbon-core-2.3.0.jar;C:\MavenLocalRepozitory\commons-lang\commons-lang\2.6\commons-lang-2.6.jar;C:\MavenLocalRepozitory\com\netflix\ribbon\ribbon-httpclient\2.3.0\ribbon-httpclient-2.3.0.jar;C:\MavenLocalRepozitory\commons-collections\commons-collections\3.2.2\commons-collections-3.2.2.jar;C:\MavenLocalRepozitory\com\netflix\netflix-commons\netflix-commons-util\0.3.0\netflix-commons-util-0.3.0.jar;C:\MavenLocalRepozitory\com\netflix\ribbon\ribbon-loadbalancer\2.3.0\ribbon-loadbalancer-2.3.0.jar;C:\MavenLocalRepozitory\com\netflix\netflix-commons\netflix-statistics\0.1.1\netflix-statistics-0.1.1.jar;C:\MavenLocalRepozitory\io\reactivex\rxjava\1.3.8\rxjava-1.3.8.jar;C:\MavenLocalRepozitory\org\springframework\cloud\spring-cloud-netflix-eureka-client\2.2.3.RELEASE\spring-cloud-netflix-eureka-client-2.2.3.RELEASE.jar;C:\MavenLocalRepozitory\org\springframework\cloud\spring-cloud-netflix-hystrix\2.2.3.RELEASE\spring-cloud-netflix-hystrix-2.2.3.RELEASE.jar;C:\MavenLocalRepozitory\com\netflix\eureka\eureka-client\1.9.21\eureka-client-1.9.21.jar;C:\MavenLocalRepozitory\org\codehaus\jettison\jettison\1.3.7\jettison-1.3.7.jar;C:\MavenLocalRepozitory\com\netflix\netflix-commons\netflix-eventbus\0.3.0\netflix-eventbus-0.3.0.jar;C:\MavenLocalRepozitory\com\netflix\netflix-commons\netflix-infix\0.3.0\netflix-infix-0.3.0.jar;C:\MavenLocalRepozitory\commons-jxpath\commons-jxpath\1.3\commons-jxpath-1.3.jar;C:\MavenLocalRepozitory\org\antlr\antlr-runtime\3.4\antlr-runtime-3.4.jar;C:\MavenLocalRepozitory\org\antlr\stringtemplate\3.2.1\stringtemplate-3.2.1.jar;C:\MavenLocalRepozitory\org\apache\commons\commons-math\2.2\commons-math-2.2.jar;C:\MavenLocalRepozitory\com\thoughtworks\xstream\xstream\1.4.11.1\xstream-1.4.11.1.jar;C:\MavenLocalRepozitory\xmlpull\xmlpull\1.1.3.1\xmlpull-1.1.3.1.jar;C:\MavenLocalRepozitory\xpp3\xpp3_min\1.1.4c\xpp3_min-1.1.4c.jar;C:\MavenLocalRepozitory\com\netflix\archaius\archaius-core\0.7.6\archaius-core-0.7.6.jar;C:\MavenLocalRepozitory\javax\ws\rs\jsr311-api\1.1.1\jsr311-api-1.1.1.jar;C:\MavenLocalRepozitory\com\netflix\servo\servo-core\0.12.21\servo-core-0.12.21.jar;C:\MavenLocalRepozitory\com\sun\jersey\jersey-core\1.19.1\jersey-core-1.19.1.jar;C:\MavenLocalRepozitory\com\sun\jersey\jersey-client\1.19.1\jersey-client-1.19.1.jar;C:\MavenLocalRepozitory\com\sun\jersey\contribs\jersey-apache-client4\1.19.1\jersey-apache-client4-1.19.1.jar;C:\MavenLocalRepozitory\commons-configuration\commons-configuration\1.10\commons-configuration-1.10.jar;C:\MavenLocalRepozitory\com\google\inject\guice\4.1.0\guice-4.1.0.jar;C:\MavenLocalRepozitory\aopalliance\aopalliance\1.0\aopalliance-1.0.jar;C:\MavenLocalRepozitory\com\fasterxml\jackson\core\jackson-annotations\2.10.3\jackson-annotations-2.10.3.jar;C:\MavenLocalRepozitory\com\fasterxml\jackson\core\jackson-core\2.10.3\jackson-core-2.10.3.jar;C:\MavenLocalRepozitory\com\fasterxml\jackson\dataformat\jackson-dataformat-xml\2.10.3\jackson-dataformat-xml-2.10.3.jar;C:\MavenLocalRepozitory\com\fasterxml\jackson\module\jackson-module-jaxb-annotations\2.10.3\jackson-module-jaxb-annotations-2.10.3.jar;C:\MavenLocalRepozitory\org\codehaus\woodstox\stax2-api\4.2\stax2-api-4.2.jar;C:\MavenLocalRepozitory\com\fasterxml\woodstox\woodstox-core\6.1.1\woodstox-core-6.1.1.jar;C:\MavenLocalRepozitory\io\kubernetes\client-java\8.0.2\client-java-8.0.2.jar;C:\MavenLocalRepozitory\io\kubernetes\client-java-api\8.0.2\client-java-api-8.0.2.jar;C:\MavenLocalRepozitory\io\sundr\builder-annotations\0.21.0\builder-annotations-0.21.0.jar;C:\MavenLocalRepozitory\io\sundr\sundr-core\0.21.0\sundr-core-0.21.0.jar;C:\MavenLocalRepozitory\io\sundr\sundr-codegen\0.21.0\sundr-codegen-0.21.0.jar;C:\MavenLocalRepozitory\io\sundr\resourcecify-annotations\0.21.0\resourcecify-annotations-0.21.0.jar;C:\MavenLocalRepozitory\javax\annotation\javax.annotation-api\1.3.2\javax.annotation-api-1.3.2.jar;C:\MavenLocalRepozitory\io\swagger\swagger-annotations\1.5.22\swagger-annotations-1.5.22.jar;C:\MavenLocalRepozitory\com\squareup\okhttp3\okhttp\3.14.7\okhttp-3.14.7.jar;C:\MavenLocalRepozitory\com\squareup\okio\okio\1.17.2\okio-1.17.2.jar;C:\MavenLocalRepozitory\com\squareup\okhttp3\logging-interceptor\3.14.7\logging-interceptor-3.14.7.jar;C:\MavenLocalRepozitory\com\google\code\gson\gson\2.8.6\gson-2.8.6.jar;C:\MavenLocalRepozitory\io\gsonfire\gson-fire\1.8.3\gson-fire-1.8.3.jar;C:\MavenLocalRepozitory\joda-time\joda-time\2.10.5\joda-time-2.10.5.jar;C:\MavenLocalRepozitory\org\joda\joda-convert\1.2\joda-convert-1.2.jar;C:\MavenLocalRepozitory\io\kubernetes\client-java-proto\8.0.2\client-java-proto-8.0.2.jar;C:\MavenLocalRepozitory\commons-codec\commons-codec\1.13\commons-codec-1.13.jar;C:\MavenLocalRepozitory\org\apache\commons\commons-compress\1.19\commons-compress-1.19.jar;C:\MavenLocalRepozitory\org\bouncycastle\bcprov-ext-jdk15on\1.64\bcprov-ext-jdk15on-1.64.jar;C:\MavenLocalRepozitory\org\bouncycastle\bcpkix-jdk15on\1.60\bcpkix-jdk15on-1.60.jar;C:\MavenLocalRepozitory\org\bouncycastle\bcprov-jdk15on\1.60\bcprov-jdk15on-1.60.jar;C:\MavenLocalRepozitory\com\google\protobuf\protobuf-java\3.11.4\protobuf-java-3.11.4.jar;C:\MavenLocalRepozitory\org\bitbucket\b_c\jose4j\0.7.0\jose4j-0.7.0.jar;C:\MavenLocalRepozitory\org\apache\httpcomponents\httpclient\4.5.12\httpclient-4.5.12.jar;C:\MavenLocalRepozitory\org\apache\httpcomponents\httpcore\4.4.13\httpcore-4.4.13.jar;C:\MavenLocalRepozitory\org\projectlombok\lombok\1.18.12\lombok-1.18.12.jar;C:\MavenLocalRepozitory\ru\diasoft\digitalq\libs\dqapiexception\1.02.02-21031601\dqapiexception-1.02.02-21031601.jar;C:\MavenLocalRepozitory\org\springframework\spring-web\5.2.5.RELEASE\spring-web-5.2.5.RELEASE.jar;C:\MavenLocalRepozitory\org\springframework\spring-beans\5.2.5.RELEASE\spring-beans-5.2.5.RELEASE.jar;C:\MavenLocalRepozitory\com\fasterxml\jackson\core\jackson-databind\2.10.3\jackson-databind-2.10.3.jar;C:\MavenLocalRepozitory\org\apache\logging\log4j\log4j-core\2.13.0\log4j-core-2.13.0.jar;C:\MavenLocalRepozitory\org\springframework\boot\spring-boot-devtools\2.2.6.RELEASE\spring-boot-devtools-2.2.6.RELEASE.jar;C:\MavenLocalRepozitory\ru\diasoft\micro\micrometer-starter\1.20.01-21040101\micrometer-starter-1.20.01-21040101.jar;C:\MavenLocalRepozitory\io\micrometer\micrometer-core\1.3.6\micrometer-core-1.3.6.jar;C:\MavenLocalRepozitory\org\hdrhistogram\HdrHistogram\2.1.11\HdrHistogram-2.1.11.jar;C:\MavenLocalRepozitory\org\latencyutils\LatencyUtils\2.0.3\LatencyUtils-2.0.3.jar;C:\MavenLocalRepozitory\io\micrometer\micrometer-registry-prometheus\1.3.6\micrometer-registry-prometheus-1.3.6.jar;C:\MavenLocalRepozitory\io\prometheus\simpleclient_common\0.7.0\simpleclient_common-0.7.0.jar;C:\MavenLocalRepozitory\io\prometheus\simpleclient\0.7.0\simpleclient-0.7.0.jar;C:\MavenLocalRepozitory\org\mapstruct\mapstruct\1.3.1.Final\mapstruct-1.3.1.Final.jar;C:\MavenLocalRepozitory\org\springframework\boot\spring-boot-starter-test\2.2.6.RELEASE\spring-boot-starter-test-2.2.6.RELEASE.jar;C:\MavenLocalRepozitory\org\springframework\boot\spring-boot-test\2.2.6.RELEASE\spring-boot-test-2.2.6.RELEASE.jar;C:\MavenLocalRepozitory\org\springframework\boot\spring-boot-test-autoconfigure\2.2.6.RELEASE\spring-boot-test-autoconfigure-2.2.6.RELEASE.jar;C:\MavenLocalRepozitory\com\jayway\jsonpath\json-path\2.4.0\json-path-2.4.0.jar;C:\MavenLocalRepozitory\net\minidev\json-smart\2.3\json-smart-2.3.jar;C:\MavenLocalRepozitory\net\minidev\accessors-smart\1.2\accessors-smart-1.2.jar;C:\MavenLocalRepozitory\org\ow2\asm\asm\7.1\asm-7.1.jar;C:\MavenLocalRepozitory\jakarta\xml\bind\jakarta.xml.bind-api\2.3.3\jakarta.xml.bind-api-2.3.3.jar;C:\MavenLocalRepozitory\org\junit\jupiter\junit-jupiter\5.5.2\junit-jupiter-5.5.2.jar;C:\MavenLocalRepozitory\org\junit\jupiter\junit-jupiter-api\5.5.2\junit-jupiter-api-5.5.2.jar;C:\MavenLocalRepozitory\org\opentest4j\opentest4j\1.2.0\opentest4j-1.2.0.jar;C:\MavenLocalRepozitory\org\junit\platform\junit-platform-commons\1.5.2\junit-platform-commons-1.5.2.jar;C:\MavenLocalRepozitory\org\junit\jupiter\junit-jupiter-params\5.5.2\junit-jupiter-params-5.5.2.jar;C:\MavenLocalRepozitory\org\junit\jupiter\junit-jupiter-engine\5.5.2\junit-jupiter-engine-5.5.2.jar;C:\MavenLocalRepozitory\org\junit\vintage\junit-vintage-engine\5.5.2\junit-vintage-engine-5.5.2.jar;C:\MavenLocalRepozitory\org\apiguardian\apiguardian-api\1.1.0\apiguardian-api-1.1.0.jar;C:\MavenLocalRepozitory\org\junit\platform\junit-platform-engine\1.5.2\junit-platform-engine-1.5.2.jar;C:\MavenLocalRepozitory\org\mockito\mockito-junit-jupiter\3.1.0\mockito-junit-jupiter-3.1.0.jar;C:\MavenLocalRepozitory\org\assertj\assertj-core\3.13.2\assertj-core-3.13.2.jar;C:\MavenLocalRepozitory\org\hamcrest\hamcrest\2.1\hamcrest-2.1.jar;C:\MavenLocalRepozitory\org\mockito\mockito-core\3.1.0\mockito-core-3.1.0.jar;C:\MavenLocalRepozitory\net\bytebuddy\byte-buddy-agent\1.10.8\byte-buddy-agent-1.10.8.jar;C:\MavenLocalRepozitory\org\objenesis\objenesis\2.6\objenesis-2.6.jar;C:\MavenLocalRepozitory\org\skyscreamer\jsonassert\1.5.0\jsonassert-1.5.0.jar;C:\MavenLocalRepozitory\com\vaadin\external\google\android-json\0.0.20131108.vaadin1\android-json-0.0.20131108.vaadin1.jar;C:\MavenLocalRepozitory\org\springframework\spring-test\5.2.5.RELEASE\spring-test-5.2.5.RELEASE.jar;C:\MavenLocalRepozitory\org\xmlunit\xmlunit-core\2.6.4\xmlunit-core-2.6.4.jar;C:\MavenLocalRepozitory\org\springframework\cloud\spring-cloud-starter-netflix-eureka-server\2.2.3.RELEASE\spring-cloud-starter-netflix-eureka-server-2.2.3.RELEASE.jar;C:\MavenLocalRepozitory\org\springframework\cloud\spring-cloud-starter\2.2.3.RELEASE\spring-cloud-starter-2.2.3.RELEASE.jar;C:\MavenLocalRepozitory\org\springframework\cloud\spring-cloud-context\2.2.3.RELEASE\spring-cloud-context-2.2.3.RELEASE.jar;C:\MavenLocalRepozitory\org\springframework\security\spring-security-rsa\1.0.9.RELEASE\spring-security-rsa-1.0.9.RELEASE.jar;C:\MavenLocalRepozitory\org\springframework\cloud\spring-cloud-netflix-eureka-server\2.2.3.RELEASE\spring-cloud-netflix-eureka-server-2.2.3.RELEASE.jar;C:\MavenLocalRepozitory\org\springframework\boot\spring-boot-starter-freemarker\2.2.6.RELEASE\spring-boot-starter-freemarker-2.2.6.RELEASE.jar;C:\MavenLocalRepozitory\org\freemarker\freemarker\2.3.30\freemarker-2.3.30.jar;C:\MavenLocalRepozitory\com\sun\jersey\jersey-servlet\1.19.1\jersey-servlet-1.19.1.jar;C:\MavenLocalRepozitory\com\sun\jersey\jersey-server\1.19.1\jersey-server-1.19.1.jar;C:\MavenLocalRepozitory\com\netflix\eureka\eureka-core\1.9.21\eureka-core-1.9.21.jar;C:\MavenLocalRepozitory\org\springframework\cloud\spring-cloud-starter-netflix-archaius\2.2.3.RELEASE\spring-cloud-starter-netflix-archaius-2.2.3.RELEASE.jar;C:\MavenLocalRepozitory\org\springframework\cloud\spring-cloud-netflix-archaius\2.2.3.RELEASE\spring-cloud-netflix-archaius-2.2.3.RELEASE.jar;C:\MavenLocalRepozitory\org\springframework\cloud\spring-cloud-starter-loadbalancer\2.2.3.RELEASE\spring-cloud-starter-loadbalancer-2.2.3.RELEASE.jar;C:\MavenLocalRepozitory\org\springframework\cloud\spring-cloud-loadbalancer\2.2.3.RELEASE\spring-cloud-loadbalancer-2.2.3.RELEASE.jar;C:\MavenLocalRepozitory\io\projectreactor\reactor-core\3.3.4.RELEASE\reactor-core-3.3.4.RELEASE.jar;C:\MavenLocalRepozitory\org\reactivestreams\reactive-streams\1.0.3\reactive-streams-1.0.3.jar;C:\MavenLocalRepozitory\io\projectreactor\addons\reactor-extra\3.3.3.RELEASE\reactor-extra-3.3.3.RELEASE.jar;C:\MavenLocalRepozitory\org\springframework\boot\spring-boot-starter-cache\2.2.6.RELEASE\spring-boot-starter-cache-2.2.6.RELEASE.jar;C:\MavenLocalRepozitory\com\stoyanr\evictor\1.0.0\evictor-1.0.0.jar;C:\MavenLocalRepozitory\com\netflix\ribbon\ribbon-eureka\2.3.0\ribbon-eureka-2.3.0.jar;C:\MavenLocalRepozitory\org\glassfish\jaxb\jaxb-runtime\2.3.2\jaxb-runtime-2.3.2.jar;C:\MavenLocalRepozitory\org\glassfish\jaxb\txw2\2.3.2\txw2-2.3.2.jar;C:\MavenLocalRepozitory\com\sun\istack\istack-commons-runtime\3.0.8\istack-commons-runtime-3.0.8.jar;C:\MavenLocalRepozitory\org\jvnet\staxex\stax-ex\1.8.1\stax-ex-1.8.1.jar;C:\MavenLocalRepozitory\com\sun\xml\fastinfoset\FastInfoset\1.2.16\FastInfoset-1.2.16.jar;C:\MavenLocalRepozitory\org\springframework\security\spring-security-test\5.2.2.RELEASE\spring-security-test-5.2.2.RELEASE.jar;C:\MavenLocalRepozitory\org\springframework\security\spring-security-core\5.2.2.RELEASE\spring-security-core-5.2.2.RELEASE.jar;C:\MavenLocalRepozitory\org\springframework\spring-aop\5.2.5.RELEASE\spring-aop-5.2.5.RELEASE.jar;C:\MavenLocalRepozitory\org\springframework\spring-expression\5.2.5.RELEASE\spring-expression-5.2.5.RELEASE.jar;C:\MavenLocalRepozitory\org\springframework\security\spring-security-web\5.2.2.RELEASE\spring-security-web-5.2.2.RELEASE.jar;C:\MavenLocalRepozitory\org\liquibase\liquibase-core\3.8.8\liquibase-core-3.8.8.jar;C:\MavenLocalRepozitory\javax\xml\bind\jaxb-api\2.3.1\jaxb-api-2.3.1.jar;C:\MavenLocalRepozitory\javax\activation\javax.activation-api\1.2.0\javax.activation-api-1.2.0.jar;C:\MavenLocalRepozitory\org\slf4j\slf4j-api\1.7.25\slf4j-api-1.7.25.jar;C:\MavenLocalRepozitory\com\tngtech\archunit\archunit\0.13.1\archunit-0.13.1.jar;C:\MavenLocalRepozitory\ru\diasoft\micro\archetype-tests\1.01.05-21032401\archetype-tests-1.01.05-21032401.jar;C:\MavenLocalRepozitory\junit\junit\4.12\junit-4.12.jar;C:\MavenLocalRepozitory\org\hamcrest\hamcrest-core\2.1\hamcrest-core-2.1.jar;C:\MavenLocalRepozitory\ru\diasoft\micro\reactive-starter\1.19.01-21032201\reactive-starter-1.19.01-21032201.jar;C:\MavenLocalRepozitory\org\springframework\boot\spring-boot-starter-webflux\2.2.6.RELEASE\spring-boot-starter-webflux-2.2.6.RELEASE.jar;C:\MavenLocalRepozitory\org\springframework\boot\spring-boot-starter-reactor-netty\2.2.6.RELEASE\spring-boot-starter-reactor-netty-2.2.6.RELEASE.jar;C:\MavenLocalRepozitory\io\projectreactor\netty\reactor-netty\0.9.6.RELEASE\reactor-netty-0.9.6.RELEASE.jar;C:\MavenLocalRepozitory\io\netty\netty-codec-http\4.1.48.Final\netty-codec-http-4.1.48.Final.jar;C:\MavenLocalRepozitory\io\netty\netty-common\4.1.48.Final\netty-common-4.1.48.Final.jar;C:\MavenLocalRepozitory\io\netty\netty-buffer\4.1.48.Final\netty-buffer-4.1.48.Final.jar;C:\MavenLocalRepozitory\io\netty\netty-transport\4.1.48.Final\netty-transport-4.1.48.Final.jar;C:\MavenLocalRepozitory\io\netty\netty-codec\4.1.48.Final\netty-codec-4.1.48.Final.jar;C:\MavenLocalRepozitory\io\netty\netty-codec-http2\4.1.48.Final\netty-codec-http2-4.1.48.Final.jar;C:\MavenLocalRepozitory\io\netty\netty-handler\4.1.48.Final\netty-handler-4.1.48.Final.jar;C:\MavenLocalRepozitory\io\netty\netty-resolver\4.1.48.Final\netty-resolver-4.1.48.Final.jar;C:\MavenLocalRepozitory\io\netty\netty-handler-proxy\4.1.48.Final\netty-handler-proxy-4.1.48.Final.jar;C:\MavenLocalRepozitory\io\netty\netty-codec-socks\4.1.48.Final\netty-codec-socks-4.1.48.Final.jar;C:\MavenLocalRepozitory\io\netty\netty-transport-native-epoll\4.1.48.Final\netty-transport-native-epoll-4.1.48.Final-linux-x86_64.jar;C:\MavenLocalRepozitory\io\netty\netty-transport-native-unix-common\4.1.48.Final\netty-transport-native-unix-common-4.1.48.Final.jar;C:\MavenLocalRepozitory\org\glassfish\jakarta.el\3.0.3\jakarta.el-3.0.3.jar;C:\MavenLocalRepozitory\org\springframework\spring-webflux\5.2.5.RELEASE\spring-webflux-5.2.5.RELEASE.jar;C:\MavenLocalRepozitory\org\synchronoss\cloud\nio-multipart-parser\1.1.0\nio-multipart-parser-1.1.0.jar;C:\MavenLocalRepozitory\org\synchronoss\cloud\nio-stream-storage\1.1.3\nio-stream-storage-1.1.3.jar;C:\MavenLocalRepozitory\ru\diasoft\micro\rest-starter\1.20.01-21040101\rest-starter-1.20.01-21040101.jar;C:\MavenLocalRepozitory\org\springframework\boot\spring-boot-starter-web\2.2.6.RELEASE\spring-boot-starter-web-2.2.6.RELEASE.jar;C:\MavenLocalRepozitory\org\springframework\boot\spring-boot-starter-json\2.2.6.RELEASE\spring-boot-starter-json-2.2.6.RELEASE.jar;C:\MavenLocalRepozitory\com\fasterxml\jackson\datatype\jackson-datatype-jdk8\2.10.3\jackson-datatype-jdk8-2.10.3.jar;C:\MavenLocalRepozitory\com\fasterxml\jackson\module\jackson-module-parameter-names\2.10.3\jackson-module-parameter-names-2.10.3.jar;C:\MavenLocalRepozitory\org\springframework\boot\spring-boot-starter-tomcat\2.2.6.RELEASE\spring-boot-starter-tomcat-2.2.6.RELEASE.jar;C:\MavenLocalRepozitory\org\apache\tomcat\embed\tomcat-embed-core\9.0.33\tomcat-embed-core-9.0.33.jar;C:\MavenLocalRepozitory\org\apache\tomcat\embed\tomcat-embed-el\9.0.33\tomcat-embed-el-9.0.33.jar;C:\MavenLocalRepozitory\org\apache\tomcat\embed\tomcat-embed-websocket\9.0.33\tomcat-embed-websocket-9.0.33.jar;C:\MavenLocalRepozitory\org\springframework\boot\spring-boot-starter-validation\2.2.6.RELEASE\spring-boot-starter-validation-2.2.6.RELEASE.jar;C:\MavenLocalRepozitory\jakarta\validation\jakarta.validation-api\2.0.2\jakarta.validation-api-2.0.2.jar;C:\MavenLocalRepozitory\org\hibernate\validator\hibernate-validator\6.0.18.Final\hibernate-validator-6.0.18.Final.jar;C:\MavenLocalRepozitory\org\springframework\spring-webmvc\5.2.5.RELEASE\spring-webmvc-5.2.5.RELEASE.jar;C:\MavenLocalRepozitory\ru\diasoft\flextera\dstrace-spring-boot-starter-rest\4.01.01-21032201\dstrace-spring-boot-starter-rest-4.01.01-21032201.jar;C:\MavenLocalRepozitory\org\springframework\boot\spring-boot-starter-actuator\2.2.6.RELEASE\spring-boot-starter-actuator-2.2.6.RELEASE.jar;C:\MavenLocalRepozitory\org\springframework\boot\spring-boot-actuator-autoconfigure\2.2.6.RELEASE\spring-boot-actuator-autoconfigure-2.2.6.RELEASE.jar;C:\MavenLocalRepozitory\org\springframework\boot\spring-boot-actuator\2.2.6.RELEASE\spring-boot-actuator-2.2.6.RELEASE.jar;C:\MavenLocalRepozitory\com\fasterxml\jackson\datatype\jackson-datatype-jsr310\2.10.3\jackson-datatype-jsr310-2.10.3.jar;C:\MavenLocalRepozitory\org\springframework\cloud\spring-cloud-starter-oauth2\2.2.2.RELEASE\spring-cloud-starter-oauth2-2.2.2.RELEASE.jar;C:\MavenLocalRepozitory\org\springframework\cloud\spring-cloud-starter-security\2.2.2.RELEASE\spring-cloud-starter-security-2.2.2.RELEASE.jar;C:\MavenLocalRepozitory\org\springframework\cloud\spring-cloud-security\2.2.2.RELEASE\spring-cloud-security-2.2.2.RELEASE.jar;C:\MavenLocalRepozitory\org\springframework\boot\spring-boot-starter-security\2.2.6.RELEASE\spring-boot-starter-security-2.2.6.RELEASE.jar;C:\MavenLocalRepozitory\org\springframework\security\oauth\boot\spring-security-oauth2-autoconfigure\2.1.2.RELEASE\spring-security-oauth2-autoconfigure-2.1.2.RELEASE.jar;C:\MavenLocalRepozitory\com\sun\xml\bind\jaxb-core\2.3.0.1\jaxb-core-2.3.0.1.jar;C:\MavenLocalRepozitory\com\sun\xml\bind\jaxb-impl\2.3.0.1\jaxb-impl-2.3.0.1.jar;C:\MavenLocalRepozitory\org\springframework\security\oauth\spring-security-oauth2\2.3.4.RELEASE\spring-security-oauth2-2.3.4.RELEASE.jar;C:\MavenLocalRepozitory\org\springframework\security\spring-security-config\5.2.2.RELEASE\spring-security-config-5.2.2.RELEASE.jar;C:\MavenLocalRepozitory\org\codehaus\jackson\jackson-mapper-asl\1.9.13\jackson-mapper-asl-1.9.13.jar;C:\MavenLocalRepozitory\org\codehaus\jackson\jackson-core-asl\1.9.13\jackson-core-asl-1.9.13.jar;C:\MavenLocalRepozitory\org\springframework\security\spring-security-jwt\1.0.9.RELEASE\spring-security-jwt-1.0.9.RELEASE.jar;C:\MavenLocalRepozitory\ru\diasoft\micro\swagger-starter\1.20.01-21040101\swagger-starter-1.20.01-21040101.jar;C:\MavenLocalRepozitory\io\springfox\springfox-boot-starter\3.0.0\springfox-boot-starter-3.0.0.jar;C:\MavenLocalRepozitory\io\springfox\springfox-oas\3.0.0\springfox-oas-3.0.0.jar;C:\MavenLocalRepozitory\io\swagger\core\v3\swagger-annotations\2.1.2\swagger-annotations-2.1.2.jar;C:\MavenLocalRepozitory\io\swagger\core\v3\swagger-models\2.1.2\swagger-models-2.1.2.jar;C:\MavenLocalRepozitory\io\springfox\springfox-spi\3.0.0\springfox-spi-3.0.0.jar;C:\MavenLocalRepozitory\io\springfox\springfox-schema\3.0.0\springfox-schema-3.0.0.jar;C:\MavenLocalRepozitory\io\springfox\springfox-core\3.0.0\springfox-core-3.0.0.jar;C:\MavenLocalRepozitory\io\springfox\springfox-spring-web\3.0.0\springfox-spring-web-3.0.0.jar;C:\MavenLocalRepozitory\io\github\classgraph\classgraph\4.8.83\classgraph-4.8.83.jar;C:\MavenLocalRepozitory\io\springfox\springfox-spring-webmvc\3.0.0\springfox-spring-webmvc-3.0.0.jar;C:\MavenLocalRepozitory\io\springfox\springfox-spring-webflux\3.0.0\springfox-spring-webflux-3.0.0.jar;C:\MavenLocalRepozitory\io\springfox\springfox-swagger-common\3.0.0\springfox-swagger-common-3.0.0.jar;C:\MavenLocalRepozitory\io\springfox\springfox-data-rest\3.0.0\springfox-data-rest-3.0.0.jar;C:\MavenLocalRepozitory\io\springfox\springfox-bean-validators\3.0.0\springfox-bean-validators-3.0.0.jar;C:\MavenLocalRepozitory\io\springfox\springfox-swagger2\3.0.0\springfox-swagger2-3.0.0.jar;C:\MavenLocalRepozitory\io\swagger\swagger-models\1.5.20\swagger-models-1.5.20.jar;C:\MavenLocalRepozitory\io\springfox\springfox-swagger-ui\3.0.0\springfox-swagger-ui-3.0.0.jar;C:\MavenLocalRepozitory\com\fasterxml\classmate\1.5.1\classmate-1.5.1.jar;C:\MavenLocalRepozitory\org\springframework\plugin\spring-plugin-core\2.0.0.RELEASE\spring-plugin-core-2.0.0.RELEASE.jar;C:\MavenLocalRepozitory\org\springframework\plugin\spring-plugin-metadata\2.0.0.RELEASE\spring-plugin-metadata-2.0.0.RELEASE.jar;C:\MavenLocalRepozitory\de\codecentric\chaos-monkey-spring-boot\2.2.0\chaos-monkey-spring-boot-2.2.0.jar;C:\MavenLocalRepozitory\org\springframework\spring-aspects\5.2.5.RELEASE\spring-aspects-5.2.5.RELEASE.jar;C:\MavenLocalRepozitory\org\springframework\spring-instrument\5.2.5.RELEASE\spring-instrument-5.2.5.RELEASE.jar;C:\MavenLocalRepozitory\org\aspectj\aspectjweaver\1.9.5\aspectjweaver-1.9.5.jar;C:\MavenLocalRepozitory\org\springframework\boot\spring-boot-configuration-processor\2.2.6.RELEASE\spring-boot-configuration-processor-2.2.6.RELEASE.jar;"/>
    <property name="git.branch" value="master"/>
    <property name="git.build.host" value="Laptop"/>
    <property name="java.vm.vendor" value="Oracle Corporation"/>
    <property name="sun.arch.data.model" value="64"/>
    <property name="user.variant" value=""/>
    <property name="git.commit.id" value="9be4e649ca726a06628d48db89844b8c3d830d55"/>
    <property name="java.vendor.url" value="http://java.oracle.com/"/>
    <property name="user.timezone" value="Europe/Moscow"/>
    <property name="os.name" value="Windows 10"/>
    <property name="org.apache.logging.log4j.assignedSequences" value="5547"/>
    <property name="java.vm.specification.version" value="1.8"/>
    <property name="git.commit.author.time" value="2021-04-16T21:12:24+0300"/>
    <property name="sun.java.launcher" value="SUN_STANDARD"/>
    <property name="git.build.user.name" value="Лев Максимов"/>
    <property name="user.country" value="RU"/>
    <property name="sun.boot.library.path" value="C:\Program Files\Java\jdk1.8.0_281\jre\bin"/>
    <property name="sun.java.command" value="C:\Users\Лев\AppData\Local\Temp\surefire718171306781034917\surefirebooter1966697267100440564.jar C:\Users\Лев\AppData\Local\Temp\surefire718171306781034917 2021-04-19T20-26-25_001-jvmRun1 surefire6933829771939699067tmp surefire_05506101605771437016tmp"/>
    <property name="surefire.test.class.path" value="C:\_PROJECTS_\microlessons\lesson13\demo\service\target\test-classes;C:\_PROJECTS_\microlessons\lesson13\demo\service\target\classes;C:\MavenLocalRepozitory\org\springframework\boot\spring-boot-starter\2.2.6.RELEASE\spring-boot-starter-2.2.6.RELEASE.jar;C:\MavenLocalRepozitory\org\springframework\boot\spring-boot\2.2.6.RELEASE\spring-boot-2.2.6.RELEASE.jar;C:\MavenLocalRepozitory\org\springframework\spring-context\5.2.5.RELEASE\spring-context-5.2.5.RELEASE.jar;C:\MavenLocalRepozitory\org\springframework\boot\spring-boot-autoconfigure\2.2.6.RELEASE\spring-boot-autoconfigure-2.2.6.RELEASE.jar;C:\MavenLocalRepozitory\jakarta\annotation\jakarta.annotation-api\1.3.5\jakarta.annotation-api-1.3.5.jar;C:\MavenLocalRepozitory\org\springframework\spring-core\5.2.5.RELEASE\spring-core-5.2.5.RELEASE.jar;C:\MavenLocalRepozitory\org\springframework\spring-jcl\5.2.5.RELEASE\spring-jcl-5.2.5.RELEASE.jar;C:\MavenLocalRepozitory\org\yaml\snakeyaml\1.25\snakeyaml-1.25.jar;C:\MavenLocalRepozitory\ru\diasoft\micro\core-starter\1.20.01-21040101\core-starter-1.20.01-21040101.jar;C:\MavenLocalRepozitory\ru\diasoft\digitalq\dslogging-spring-boot-starter\1.05.17-21040101\dslogging-spring-boot-starter-1.05.17-21040101.jar;C:\MavenLocalRepozitory\ru\diasoft\digitalq\dslogging\1.05.17-21040101\dslogging-1.05.17-21040101.jar;C:\MavenLocalRepozitory\ru\diasoft\digitalq\dslogging-log4j2\1.05.17-21040101\dslogging-log4j2-1.05.17-21040101.jar;C:\MavenLocalRepozitory\ru\diasoft\flextera\dstrace\4.01.01-21032201\dstrace-4.01.01-21032201.jar;C:\MavenLocalRepozitory\commons-io\commons-io\2.5\commons-io-2.5.jar;C:\MavenLocalRepozitory\com\lmax\disruptor\3.4.2\disruptor-3.4.2.jar;C:\MavenLocalRepozitory\org\apache\kafka\kafka-clients\2.3.1\kafka-clients-2.3.1.jar;C:\MavenLocalRepozitory\com\github\luben\zstd-jni\1.4.0-1\zstd-jni-1.4.0-1.jar;C:\MavenLocalRepozitory\org\lz4\lz4-java\1.6.0\lz4-java-1.6.0.jar;C:\MavenLocalRepozitory\org\xerial\snappy\snappy-java\1.1.7.3\snappy-java-1.1.7.3.jar;C:\MavenLocalRepozitory\biz\paluch\logging\logstash-gelf\1.14.0\logstash-gelf-1.14.0.jar;C:\MavenLocalRepozitory\org\apache\logging\log4j\log4j-api\2.13.0\log4j-api-2.13.0.jar;C:\MavenLocalRepozitory\org\apache\logging\log4j\log4j-slf4j-impl\2.13.0\log4j-slf4j-impl-2.13.0.jar;C:\MavenLocalRepozitory\org\apache\logging\log4j\log4j-jul\2.13.0\log4j-jul-2.13.0.jar;C:\MavenLocalRepozitory\org\apache\logging\log4j\log4j-spring-cloud-config-client\2.13.0\log4j-spring-cloud-config-client-2.13.0.jar;C:\MavenLocalRepozitory\org\springframework\cloud\spring-cloud-config-client\2.2.3.RELEASE\spring-cloud-config-client-2.2.3.RELEASE.jar;C:\MavenLocalRepozitory\org\springframework\spring-context-support\5.2.5.RELEASE\spring-context-support-5.2.5.RELEASE.jar;C:\MavenLocalRepozitory\commons-logging\commons-logging\1.2\commons-logging-1.2.jar;C:\MavenLocalRepozitory\org\apache\logging\log4j\log4j-docker\2.13.0\log4j-docker-2.13.0.jar;C:\MavenLocalRepozitory\org\apache\logging\log4j\log4j-kubernetes\2.13.0\log4j-kubernetes-2.13.0.jar;C:\MavenLocalRepozitory\io\fabric8\kubernetes-client\4.4.1\kubernetes-client-4.4.1.jar;C:\MavenLocalRepozitory\io\fabric8\kubernetes-model\4.4.1\kubernetes-model-4.4.1.jar;C:\MavenLocalRepozitory\io\fabric8\kubernetes-model-common\4.4.1\kubernetes-model-common-4.4.1.jar;C:\MavenLocalRepozitory\javax\validation\validation-api\2.0.1.Final\validation-api-2.0.1.Final.jar;C:\MavenLocalRepozitory\org\glassfish\javax.el\3.0.1-b11\javax.el-3.0.1-b11.jar;C:\MavenLocalRepozitory\org\slf4j\jul-to-slf4j\1.7.30\jul-to-slf4j-1.7.30.jar;C:\MavenLocalRepozitory\com\fasterxml\jackson\dataformat\jackson-dataformat-yaml\2.10.3\jackson-dataformat-yaml-2.10.3.jar;C:\MavenLocalRepozitory\io\fabric8\zjsonpatch\0.3.0\zjsonpatch-0.3.0.jar;C:\MavenLocalRepozitory\com\github\mifmif\generex\1.0.2\generex-1.0.2.jar;C:\MavenLocalRepozitory\dk\brics\automaton\automaton\1.11-8\automaton-1.11-8.jar;C:\MavenLocalRepozitory\org\apache\commons\commons-lang3\3.9\commons-lang3-3.9.jar;C:\MavenLocalRepozitory\net\bytebuddy\byte-buddy\1.10.8\byte-buddy-1.10.8.jar;C:\MavenLocalRepozitory\ru\diasoft\micro\jpa-starter\1.20.01-21040101\jpa-starter-1.20.01-21040101.jar;C:\MavenLocalRepozitory\org\springframework\boot\spring-boot-starter-data-jpa\2.2.6.RELEASE\spring-boot-starter-data-jpa-2.2.6.RELEASE.jar;C:\MavenLocalRepozitory\org\springframework\boot\spring-boot-starter-aop\2.2.6.RELEASE\spring-boot-starter-aop-2.2.6.RELEASE.jar;C:\MavenLocalRepozitory\org\springframework\boot\spring-boot-starter-jdbc\2.2.6.RELEASE\spring-boot-starter-jdbc-2.2.6.RELEASE.jar;C:\MavenLocalRepozitory\com\zaxxer\HikariCP\3.4.2\HikariCP-3.4.2.jar;C:\MavenLocalRepozitory\org\springframework\spring-jdbc\5.2.5.RELEASE\spring-jdbc-5.2.5.RELEASE.jar;C:\MavenLocalRepozitory\jakarta\activation\jakarta.activation-api\1.2.2\jakarta.activation-api-1.2.2.jar;C:\MavenLocalRepozitory\jakarta\persistence\jakarta.persistence-api\2.2.3\jakarta.persistence-api-2.2.3.jar;C:\MavenLocalRepozitory\jakarta\transaction\jakarta.transaction-api\1.3.3\jakarta.transaction-api-1.3.3.jar;C:\MavenLocalRepozitory\org\hibernate\hibernate-core\5.4.12.Final\hibernate-core-5.4.12.Final.jar;C:\MavenLocalRepozitory\org\jboss\logging\jboss-logging\3.4.1.Final\jboss-logging-3.4.1.Final.jar;C:\MavenLocalRepozitory\org\javassist\javassist\3.23.2-GA\javassist-3.23.2-GA.jar;C:\MavenLocalRepozitory\antlr\antlr\2.7.7\antlr-2.7.7.jar;C:\MavenLocalRepozitory\org\jboss\jandex\2.1.1.Final\jandex-2.1.1.Final.jar;C:\MavenLocalRepozitory\org\dom4j\dom4j\2.1.1\dom4j-2.1.1.jar;C:\MavenLocalRepozitory\org\hibernate\common\hibernate-commons-annotations\5.1.0.Final\hibernate-commons-annotations-5.1.0.Final.jar;C:\MavenLocalRepozitory\org\springframework\data\spring-data-jpa\2.2.6.RELEASE\spring-data-jpa-2.2.6.RELEASE.jar;C:\MavenLocalRepozitory\org\springframework\data\spring-data-commons\2.2.6.RELEASE\spring-data-commons-2.2.6.RELEASE.jar;C:\MavenLocalRepozitory\org\springframework\spring-orm\5.2.5.RELEASE\spring-orm-5.2.5.RELEASE.jar;C:\MavenLocalRepozitory\org\springframework\spring-tx\5.2.5.RELEASE\spring-tx-5.2.5.RELEASE.jar;C:\MavenLocalRepozitory\ru\diasoft\flextera\dstrace-spring-boot-starter-jpa\4.01.01-21032201\dstrace-spring-boot-starter-jpa-4.01.01-21032201.jar;C:\MavenLocalRepozitory\ru\diasoft\flextera\dstrace-spring-boot-starter\4.01.01-21032201\dstrace-spring-boot-starter-4.01.01-21032201.jar;C:\MavenLocalRepozitory\ru\diasoft\flextera\dstrace-brave\4.01.01-21032201\dstrace-brave-4.01.01-21032201.jar;C:\MavenLocalRepozitory\io\zipkin\brave\brave\5.12.3\brave-5.12.3.jar;C:\MavenLocalRepozitory\io\zipkin\reporter2\zipkin-reporter-brave\2.15.0\zipkin-reporter-brave-2.15.0.jar;C:\MavenLocalRepozitory\org\springframework\cloud\spring-cloud-starter-zipkin\2.2.3.RELEASE\spring-cloud-starter-zipkin-2.2.3.RELEASE.jar;C:\MavenLocalRepozitory\org\springframework\cloud\spring-cloud-starter-sleuth\2.2.3.RELEASE\spring-cloud-starter-sleuth-2.2.3.RELEASE.jar;C:\MavenLocalRepozitory\org\springframework\cloud\spring-cloud-sleuth-core\2.2.3.RELEASE\spring-cloud-sleuth-core-2.2.3.RELEASE.jar;C:\MavenLocalRepozitory\org\aspectj\aspectjrt\1.9.5\aspectjrt-1.9.5.jar;C:\MavenLocalRepozitory\io\zipkin\brave\brave-context-slf4j\5.12.3\brave-context-slf4j-5.12.3.jar;C:\MavenLocalRepozitory\io\zipkin\brave\brave-instrumentation-messaging\5.12.3\brave-instrumentation-messaging-5.12.3.jar;C:\MavenLocalRepozitory\io\zipkin\brave\brave-instrumentation-rpc\5.12.3\brave-instrumentation-rpc-5.12.3.jar;C:\MavenLocalRepozitory\io\zipkin\brave\brave-instrumentation-spring-web\5.12.3\brave-instrumentation-spring-web-5.12.3.jar;C:\MavenLocalRepozitory\io\zipkin\brave\brave-instrumentation-spring-rabbit\5.12.3\brave-instrumentation-spring-rabbit-5.12.3.jar;C:\MavenLocalRepozitory\io\zipkin\brave\brave-instrumentation-kafka-clients\5.12.3\brave-instrumentation-kafka-clients-5.12.3.jar;C:\MavenLocalRepozitory\io\zipkin\brave\brave-instrumentation-kafka-streams\5.12.3\brave-instrumentation-kafka-streams-5.12.3.jar;C:\MavenLocalRepozitory\io\zipkin\brave\brave-instrumentation-httpclient\5.12.3\brave-instrumentation-httpclient-5.12.3.jar;C:\MavenLocalRepozitory\io\zipkin\brave\brave-instrumentation-httpasyncclient\5.12.3\brave-instrumentation-httpasyncclient-5.12.3.jar;C:\MavenLocalRepozitory\io\zipkin\brave\brave-instrumentation-spring-webmvc\5.12.3\brave-instrumentation-spring-webmvc-5.12.3.jar;C:\MavenLocalRepozitory\io\zipkin\brave\brave-instrumentation-servlet\5.12.3\brave-instrumentation-servlet-5.12.3.jar;C:\MavenLocalRepozitory\io\zipkin\brave\brave-instrumentation-jms\5.12.3\brave-instrumentation-jms-5.12.3.jar;C:\MavenLocalRepozitory\io\zipkin\reporter2\zipkin-reporter-metrics-micrometer\2.15.0\zipkin-reporter-metrics-micrometer-2.15.0.jar;C:\MavenLocalRepozitory\org\springframework\cloud\spring-cloud-sleuth-zipkin\2.2.3.RELEASE\spring-cloud-sleuth-zipkin-2.2.3.RELEASE.jar;C:\MavenLocalRepozitory\io\zipkin\zipkin2\zipkin\2.21.1\zipkin-2.21.1.jar;C:\MavenLocalRepozitory\io\zipkin\reporter2\zipkin-reporter\2.15.0\zipkin-reporter-2.15.0.jar;C:\MavenLocalRepozitory\io\zipkin\reporter2\zipkin-sender-kafka\2.15.0\zipkin-sender-kafka-2.15.0.jar;C:\MavenLocalRepozitory\io\zipkin\reporter2\zipkin-sender-activemq-client\2.15.0\zipkin-sender-activemq-client-2.15.0.jar;C:\MavenLocalRepozitory\io\zipkin\reporter2\zipkin-sender-amqp-client\2.15.0\zipkin-sender-amqp-client-2.15.0.jar;C:\MavenLocalRepozitory\net\ttddyy\datasource-proxy\1.7\datasource-proxy-1.7.jar;C:\MavenLocalRepozitory\com\querydsl\querydsl-apt\4.2.2\querydsl-apt-4.2.2.jar;C:\MavenLocalRepozitory\com\querydsl\querydsl-jpa\4.2.2\querydsl-jpa-4.2.2.jar;C:\MavenLocalRepozitory\com\querydsl\querydsl-core\4.2.2\querydsl-core-4.2.2.jar;C:\MavenLocalRepozitory\com\google\code\findbugs\jsr305\1.3.9\jsr305-1.3.9.jar;C:\MavenLocalRepozitory\com\mysema\commons\mysema-commons-lang\0.2.4\mysema-commons-lang-0.2.4.jar;C:\MavenLocalRepozitory\com\infradna\tool\bridge-method-annotation\1.13\bridge-method-annotation-1.13.jar;C:\MavenLocalRepozitory\javax\inject\javax.inject\1\javax.inject-1.jar;C:\MavenLocalRepozitory\com\querydsl\querydsl-codegen\4.2.2\querydsl-codegen-4.2.2.jar;C:\MavenLocalRepozitory\com\mysema\codegen\codegen\0.6.8\codegen-0.6.8.jar;C:\MavenLocalRepozitory\org\eclipse\jdt\core\compiler\ecj\4.3.1\ecj-4.3.1.jar;C:\MavenLocalRepozitory\org\reflections\reflections\0.9.9\reflections-0.9.9.jar;C:\MavenLocalRepozitory\com\google\code\findbugs\annotations\2.0.1\annotations-2.0.1.jar;C:\MavenLocalRepozitory\ru\diasoft\micro\mdp\lib\mdpquerydsl\9.04.04-21021701\mdpquerydsl-9.04.04-21021701.jar;C:\MavenLocalRepozitory\com\querydsl\querydsl-collections\4.2.2\querydsl-collections-4.2.2.jar;C:\MavenLocalRepozitory\org\apache\commons\commons-collections4\4.3\commons-collections4-4.3.jar;C:\MavenLocalRepozitory\com\google\guava\guava\29.0-android\guava-29.0-android.jar;C:\MavenLocalRepozitory\com\google\guava\failureaccess\1.0.1\failureaccess-1.0.1.jar;C:\MavenLocalRepozitory\com\google\guava\listenablefuture\9999.0-empty-to-avoid-conflict-with-guava\listenablefuture-9999.0-empty-to-avoid-conflict-with-guava.jar;C:\MavenLocalRepozitory\org\checkerframework\checker-compat-qual\2.5.5\checker-compat-qual-2.5.5.jar;C:\MavenLocalRepozitory\com\google\errorprone\error_prone_annotations\2.3.4\error_prone_annotations-2.3.4.jar;C:\MavenLocalRepozitory\com\google\j2objc\j2objc-annotations\1.3\j2objc-annotations-1.3.jar;C:\MavenLocalRepozitory\org\postgresql\postgresql\42.2.11\postgresql-42.2.11.jar;C:\MavenLocalRepozitory\net\sourceforge\jtds\jtds\1.3.1\jtds-1.3.1.jar;C:\MavenLocalRepozitory\com\oracle\ojdbc7\12.1.0.1\ojdbc7-12.1.0.1.jar;C:\MavenLocalRepozitory\com\h2database\h2\1.4.200\h2-1.4.200.jar;C:\MavenLocalRepozitory\ru\diasoft\micro\stream-kafka-starter\1.20.01-21040101\stream-kafka-starter-1.20.01-21040101.jar;C:\MavenLocalRepozitory\org\springframework\cloud\spring-cloud-starter-stream-kafka\2.2.0.RELEASE\spring-cloud-starter-stream-kafka-2.2.0.RELEASE.jar;C:\MavenLocalRepozitory\org\springframework\cloud\spring-cloud-stream-binder-kafka\3.0.5.RELEASE\spring-cloud-stream-binder-kafka-3.0.5.RELEASE.jar;C:\MavenLocalRepozitory\org\springframework\cloud\spring-cloud-stream-binder-kafka-core\3.0.5.RELEASE\spring-cloud-stream-binder-kafka-core-3.0.5.RELEASE.jar;C:\MavenLocalRepozitory\org\springframework\integration\spring-integration-kafka\3.2.1.RELEASE\spring-integration-kafka-3.2.1.RELEASE.jar;C:\MavenLocalRepozitory\org\springframework\cloud\spring-cloud-stream\3.0.5.RELEASE\spring-cloud-stream-3.0.5.RELEASE.jar;C:\MavenLocalRepozitory\org\springframework\spring-messaging\5.2.5.RELEASE\spring-messaging-5.2.5.RELEASE.jar;C:\MavenLocalRepozitory\org\springframework\integration\spring-integration-core\5.2.5.RELEASE\spring-integration-core-5.2.5.RELEASE.jar;C:\MavenLocalRepozitory\org\springframework\integration\spring-integration-jmx\5.2.5.RELEASE\spring-integration-jmx-5.2.5.RELEASE.jar;C:\MavenLocalRepozitory\org\springframework\retry\spring-retry\1.2.5.RELEASE\spring-retry-1.2.5.RELEASE.jar;C:\MavenLocalRepozitory\org\springframework\cloud\spring-cloud-function-context\3.0.7.RELEASE\spring-cloud-function-context-3.0.7.RELEASE.jar;C:\MavenLocalRepozitory\net\jodah\typetools\0.6.2\typetools-0.6.2.jar;C:\MavenLocalRepozitory\org\springframework\cloud\spring-cloud-function-core\3.0.7.RELEASE\spring-cloud-function-core-3.0.7.RELEASE.jar;C:\MavenLocalRepozitory\org\springframework\kafka\spring-kafka\2.3.7.RELEASE\spring-kafka-2.3.7.RELEASE.jar;C:\MavenLocalRepozitory\ru\diasoft\flextera\dstrace-spring-boot-starter-cloud-stream\4.01.01-21032201\dstrace-spring-boot-starter-cloud-stream-4.01.01-21032201.jar;C:\MavenLocalRepozitory\ru\diasoft\micro\feign-starter\1.20.01-21040101\feign-starter-1.20.01-21040101.jar;C:\MavenLocalRepozitory\org\springframework\cloud\spring-cloud-starter-openfeign\2.2.0.RELEASE\spring-cloud-starter-openfeign-2.2.0.RELEASE.jar;C:\MavenLocalRepozitory\org\springframework\cloud\spring-cloud-openfeign-core\2.2.3.RELEASE\spring-cloud-openfeign-core-2.2.3.RELEASE.jar;C:\MavenLocalRepozitory\io\github\openfeign\form\feign-form-spring\3.8.0\feign-form-spring-3.8.0.jar;C:\MavenLocalRepozitory\io\github\openfeign\form\feign-form\3.8.0\feign-form-3.8.0.jar;C:\MavenLocalRepozitory\commons-fileupload\commons-fileupload\1.4\commons-fileupload-1.4.jar;C:\MavenLocalRepozitory\org\springframework\cloud\spring-cloud-commons\2.2.3.RELEASE\spring-cloud-commons-2.2.3.RELEASE.jar;C:\MavenLocalRepozitory\org\springframework\security\spring-security-crypto\5.2.2.RELEASE\spring-security-crypto-5.2.2.RELEASE.jar;C:\MavenLocalRepozitory\io\github\openfeign\feign-core\10.10.1\feign-core-10.10.1.jar;C:\MavenLocalRepozitory\io\github\openfeign\feign-slf4j\10.10.1\feign-slf4j-10.10.1.jar;C:\MavenLocalRepozitory\io\github\openfeign\feign-hystrix\10.10.1\feign-hystrix-10.10.1.jar;C:\MavenLocalRepozitory\com\netflix\hystrix\hystrix-core\1.5.18\hystrix-core-1.5.18.jar;C:\MavenLocalRepozitory\ru\diasoft\flextera\dstrace-spring-boot-starter-feign\4.01.01-21032201\dstrace-spring-boot-starter-feign-4.01.01-21032201.jar;C:\MavenLocalRepozitory\ru\diasoft\micro\mdp\lib\mdpribbon\9.04.04-21020901\mdpribbon-9.04.04-21020901.jar;C:\MavenLocalRepozitory\org\springframework\cloud\spring-cloud-starter-netflix-ribbon\2.2.3.RELEASE\spring-cloud-starter-netflix-ribbon-2.2.3.RELEASE.jar;C:\MavenLocalRepozitory\org\springframework\cloud\spring-cloud-netflix-ribbon\2.2.3.RELEASE\spring-cloud-netflix-ribbon-2.2.3.RELEASE.jar;C:\MavenLocalRepozitory\com\netflix\ribbon\ribbon\2.3.0\ribbon-2.3.0.jar;C:\MavenLocalRepozitory\com\netflix\ribbon\ribbon-transport\2.3.0\ribbon-transport-2.3.0.jar;C:\MavenLocalRepozitory\io\reactivex\rxnetty-contexts\0.4.9\rxnetty-contexts-0.4.9.jar;C:\MavenLocalRepozitory\io\reactivex\rxnetty-servo\0.4.9\rxnetty-servo-0.4.9.jar;C:\MavenLocalRepozitory\io\reactivex\rxnetty\0.4.9\rxnetty-0.4.9.jar;C:\MavenLocalRepozitory\com\netflix\ribbon\ribbon-core\2.3.0\ribbon-core-2.3.0.jar;C:\MavenLocalRepozitory\commons-lang\commons-lang\2.6\commons-lang-2.6.jar;C:\MavenLocalRepozitory\com\netflix\ribbon\ribbon-httpclient\2.3.0\ribbon-httpclient-2.3.0.jar;C:\MavenLocalRepozitory\commons-collections\commons-collections\3.2.2\commons-collections-3.2.2.jar;C:\MavenLocalRepozitory\com\netflix\netflix-commons\netflix-commons-util\0.3.0\netflix-commons-util-0.3.0.jar;C:\MavenLocalRepozitory\com\netflix\ribbon\ribbon-loadbalancer\2.3.0\ribbon-loadbalancer-2.3.0.jar;C:\MavenLocalRepozitory\com\netflix\netflix-commons\netflix-statistics\0.1.1\netflix-statistics-0.1.1.jar;C:\MavenLocalRepozitory\io\reactivex\rxjava\1.3.8\rxjava-1.3.8.jar;C:\MavenLocalRepozitory\org\springframework\cloud\spring-cloud-netflix-eureka-client\2.2.3.RELEASE\spring-cloud-netflix-eureka-client-2.2.3.RELEASE.jar;C:\MavenLocalRepozitory\org\springframework\cloud\spring-cloud-netflix-hystrix\2.2.3.RELEASE\spring-cloud-netflix-hystrix-2.2.3.RELEASE.jar;C:\MavenLocalRepozitory\com\netflix\eureka\eureka-client\1.9.21\eureka-client-1.9.21.jar;C:\MavenLocalRepozitory\org\codehaus\jettison\jettison\1.3.7\jettison-1.3.7.jar;C:\MavenLocalRepozitory\com\netflix\netflix-commons\netflix-eventbus\0.3.0\netflix-eventbus-0.3.0.jar;C:\MavenLocalRepozitory\com\netflix\netflix-commons\netflix-infix\0.3.0\netflix-infix-0.3.0.jar;C:\MavenLocalRepozitory\commons-jxpath\commons-jxpath\1.3\commons-jxpath-1.3.jar;C:\MavenLocalRepozitory\org\antlr\antlr-runtime\3.4\antlr-runtime-3.4.jar;C:\MavenLocalRepozitory\org\antlr\stringtemplate\3.2.1\stringtemplate-3.2.1.jar;C:\MavenLocalRepozitory\org\apache\commons\commons-math\2.2\commons-math-2.2.jar;C:\MavenLocalRepozitory\com\thoughtworks\xstream\xstream\1.4.11.1\xstream-1.4.11.1.jar;C:\MavenLocalRepozitory\xmlpull\xmlpull\1.1.3.1\xmlpull-1.1.3.1.jar;C:\MavenLocalRepozitory\xpp3\xpp3_min\1.1.4c\xpp3_min-1.1.4c.jar;C:\MavenLocalRepozitory\com\netflix\archaius\archaius-core\0.7.6\archaius-core-0.7.6.jar;C:\MavenLocalRepozitory\javax\ws\rs\jsr311-api\1.1.1\jsr311-api-1.1.1.jar;C:\MavenLocalRepozitory\com\netflix\servo\servo-core\0.12.21\servo-core-0.12.21.jar;C:\MavenLocalRepozitory\com\sun\jersey\jersey-core\1.19.1\jersey-core-1.19.1.jar;C:\MavenLocalRepozitory\com\sun\jersey\jersey-client\1.19.1\jersey-client-1.19.1.jar;C:\MavenLocalRepozitory\com\sun\jersey\contribs\jersey-apache-client4\1.19.1\jersey-apache-client4-1.19.1.jar;C:\MavenLocalRepozitory\commons-configuration\commons-configuration\1.10\commons-configuration-1.10.jar;C:\MavenLocalRepozitory\com\google\inject\guice\4.1.0\guice-4.1.0.jar;C:\MavenLocalRepozitory\aopalliance\aopalliance\1.0\aopalliance-1.0.jar;C:\MavenLocalRepozitory\com\fasterxml\jackson\core\jackson-annotations\2.10.3\jackson-annotations-2.10.3.jar;C:\MavenLocalRepozitory\com\fasterxml\jackson\core\jackson-core\2.10.3\jackson-core-2.10.3.jar;C:\MavenLocalRepozitory\com\fasterxml\jackson\dataformat\jackson-dataformat-xml\2.10.3\jackson-dataformat-xml-2.10.3.jar;C:\MavenLocalRepozitory\com\fasterxml\jackson\module\jackson-module-jaxb-annotations\2.10.3\jackson-module-jaxb-annotations-2.10.3.jar;C:\MavenLocalRepozitory\org\codehaus\woodstox\stax2-api\4.2\stax2-api-4.2.jar;C:\MavenLocalRepozitory\com\fasterxml\woodstox\woodstox-core\6.1.1\woodstox-core-6.1.1.jar;C:\MavenLocalRepozitory\io\kubernetes\client-java\8.0.2\client-java-8.0.2.jar;C:\MavenLocalRepozitory\io\kubernetes\client-java-api\8.0.2\client-java-api-8.0.2.jar;C:\MavenLocalRepozitory\io\sundr\builder-annotations\0.21.0\builder-annotations-0.21.0.jar;C:\MavenLocalRepozitory\io\sundr\sundr-core\0.21.0\sundr-core-0.21.0.jar;C:\MavenLocalRepozitory\io\sundr\sundr-codegen\0.21.0\sundr-codegen-0.21.0.jar;C:\MavenLocalRepozitory\io\sundr\resourcecify-annotations\0.21.0\resourcecify-annotations-0.21.0.jar;C:\MavenLocalRepozitory\javax\annotation\javax.annotation-api\1.3.2\javax.annotation-api-1.3.2.jar;C:\MavenLocalRepozitory\io\swagger\swagger-annotations\1.5.22\swagger-annotations-1.5.22.jar;C:\MavenLocalRepozitory\com\squareup\okhttp3\okhttp\3.14.7\okhttp-3.14.7.jar;C:\MavenLocalRepozitory\com\squareup\okio\okio\1.17.2\okio-1.17.2.jar;C:\MavenLocalRepozitory\com\squareup\okhttp3\logging-interceptor\3.14.7\logging-interceptor-3.14.7.jar;C:\MavenLocalRepozitory\com\google\code\gson\gson\2.8.6\gson-2.8.6.jar;C:\MavenLocalRepozitory\io\gsonfire\gson-fire\1.8.3\gson-fire-1.8.3.jar;C:\MavenLocalRepozitory\joda-time\joda-time\2.10.5\joda-time-2.10.5.jar;C:\MavenLocalRepozitory\org\joda\joda-convert\1.2\joda-convert-1.2.jar;C:\MavenLocalRepozitory\io\kubernetes\client-java-proto\8.0.2\client-java-proto-8.0.2.jar;C:\MavenLocalRepozitory\commons-codec\commons-codec\1.13\commons-codec-1.13.jar;C:\MavenLocalRepozitory\org\apache\commons\commons-compress\1.19\commons-compress-1.19.jar;C:\MavenLocalRepozitory\org\bouncycastle\bcprov-ext-jdk15on\1.64\bcprov-ext-jdk15on-1.64.jar;C:\MavenLocalRepozitory\org\bouncycastle\bcpkix-jdk15on\1.60\bcpkix-jdk15on-1.60.jar;C:\MavenLocalRepozitory\org\bouncycastle\bcprov-jdk15on\1.60\bcprov-jdk15on-1.60.jar;C:\MavenLocalRepozitory\com\google\protobuf\protobuf-java\3.11.4\protobuf-java-3.11.4.jar;C:\MavenLocalRepozitory\org\bitbucket\b_c\jose4j\0.7.0\jose4j-0.7.0.jar;C:\MavenLocalRepozitory\org\apache\httpcomponents\httpclient\4.5.12\httpclient-4.5.12.jar;C:\MavenLocalRepozitory\org\apache\httpcomponents\httpcore\4.4.13\httpcore-4.4.13.jar;C:\MavenLocalRepozitory\org\projectlombok\lombok\1.18.12\lombok-1.18.12.jar;C:\MavenLocalRepozitory\ru\diasoft\digitalq\libs\dqapiexception\1.02.02-21031601\dqapiexception-1.02.02-21031601.jar;C:\MavenLocalRepozitory\org\springframework\spring-web\5.2.5.RELEASE\spring-web-5.2.5.RELEASE.jar;C:\MavenLocalRepozitory\org\springframework\spring-beans\5.2.5.RELEASE\spring-beans-5.2.5.RELEASE.jar;C:\MavenLocalRepozitory\com\fasterxml\jackson\core\jackson-databind\2.10.3\jackson-databind-2.10.3.jar;C:\MavenLocalRepozitory\org\apache\logging\log4j\log4j-core\2.13.0\log4j-core-2.13.0.jar;C:\MavenLocalRepozitory\org\springframework\boot\spring-boot-devtools\2.2.6.RELEASE\spring-boot-devtools-2.2.6.RELEASE.jar;C:\MavenLocalRepozitory\ru\diasoft\micro\micrometer-starter\1.20.01-21040101\micrometer-starter-1.20.01-21040101.jar;C:\MavenLocalRepozitory\io\micrometer\micrometer-core\1.3.6\micrometer-core-1.3.6.jar;C:\MavenLocalRepozitory\org\hdrhistogram\HdrHistogram\2.1.11\HdrHistogram-2.1.11.jar;C:\MavenLocalRepozitory\org\latencyutils\LatencyUtils\2.0.3\LatencyUtils-2.0.3.jar;C:\MavenLocalRepozitory\io\micrometer\micrometer-registry-prometheus\1.3.6\micrometer-registry-prometheus-1.3.6.jar;C:\MavenLocalRepozitory\io\prometheus\simpleclient_common\0.7.0\simpleclient_common-0.7.0.jar;C:\MavenLocalRepozitory\io\prometheus\simpleclient\0.7.0\simpleclient-0.7.0.jar;C:\MavenLocalRepozitory\org\mapstruct\mapstruct\1.3.1.Final\mapstruct-1.3.1.Final.jar;C:\MavenLocalRepozitory\org\springframework\boot\spring-boot-starter-test\2.2.6.RELEASE\spring-boot-starter-test-2.2.6.RELEASE.jar;C:\MavenLocalRepozitory\org\springframework\boot\spring-boot-test\2.2.6.RELEASE\spring-boot-test-2.2.6.RELEASE.jar;C:\MavenLocalRepozitory\org\springframework\boot\spring-boot-test-autoconfigure\2.2.6.RELEASE\spring-boot-test-autoconfigure-2.2.6.RELEASE.jar;C:\MavenLocalRepozitory\com\jayway\jsonpath\json-path\2.4.0\json-path-2.4.0.jar;C:\MavenLocalRepozitory\net\minidev\json-smart\2.3\json-smart-2.3.jar;C:\MavenLocalRepozitory\net\minidev\accessors-smart\1.2\accessors-smart-1.2.jar;C:\MavenLocalRepozitory\org\ow2\asm\asm\7.1\asm-7.1.jar;C:\MavenLocalRepozitory\jakarta\xml\bind\jakarta.xml.bind-api\2.3.3\jakarta.xml.bind-api-2.3.3.jar;C:\MavenLocalRepozitory\org\junit\jupiter\junit-jupiter\5.5.2\junit-jupiter-5.5.2.jar;C:\MavenLocalRepozitory\org\junit\jupiter\junit-jupiter-api\5.5.2\junit-jupiter-api-5.5.2.jar;C:\MavenLocalRepozitory\org\opentest4j\opentest4j\1.2.0\opentest4j-1.2.0.jar;C:\MavenLocalRepozitory\org\junit\platform\junit-platform-commons\1.5.2\junit-platform-commons-1.5.2.jar;C:\MavenLocalRepozitory\org\junit\jupiter\junit-jupiter-params\5.5.2\junit-jupiter-params-5.5.2.jar;C:\MavenLocalRepozitory\org\junit\jupiter\junit-jupiter-engine\5.5.2\junit-jupiter-engine-5.5.2.jar;C:\MavenLocalRepozitory\org\junit\vintage\junit-vintage-engine\5.5.2\junit-vintage-engine-5.5.2.jar;C:\MavenLocalRepozitory\org\apiguardian\apiguardian-api\1.1.0\apiguardian-api-1.1.0.jar;C:\MavenLocalRepozitory\org\junit\platform\junit-platform-engine\1.5.2\junit-platform-engine-1.5.2.jar;C:\MavenLocalRepozitory\org\mockito\mockito-junit-jupiter\3.1.0\mockito-junit-jupiter-3.1.0.jar;C:\MavenLocalRepozitory\org\assertj\assertj-core\3.13.2\assertj-core-3.13.2.jar;C:\MavenLocalRepozitory\org\hamcrest\hamcrest\2.1\hamcrest-2.1.jar;C:\MavenLocalRepozitory\org\mockito\mockito-core\3.1.0\mockito-core-3.1.0.jar;C:\MavenLocalRepozitory\net\bytebuddy\byte-buddy-agent\1.10.8\byte-buddy-agent-1.10.8.jar;C:\MavenLocalRepozitory\org\objenesis\objenesis\2.6\objenesis-2.6.jar;C:\MavenLocalRepozitory\org\skyscreamer\jsonassert\1.5.0\jsonassert-1.5.0.jar;C:\MavenLocalRepozitory\com\vaadin\external\google\android-json\0.0.20131108.vaadin1\android-json-0.0.20131108.vaadin1.jar;C:\MavenLocalRepozitory\org\springframework\spring-test\5.2.5.RELEASE\spring-test-5.2.5.RELEASE.jar;C:\MavenLocalRepozitory\org\xmlunit\xmlunit-core\2.6.4\xmlunit-core-2.6.4.jar;C:\MavenLocalRepozitory\org\springframework\cloud\spring-cloud-starter-netflix-eureka-server\2.2.3.RELEASE\spring-cloud-starter-netflix-eureka-server-2.2.3.RELEASE.jar;C:\MavenLocalRepozitory\org\springframework\cloud\spring-cloud-starter\2.2.3.RELEASE\spring-cloud-starter-2.2.3.RELEASE.jar;C:\MavenLocalRepozitory\org\springframework\cloud\spring-cloud-context\2.2.3.RELEASE\spring-cloud-context-2.2.3.RELEASE.jar;C:\MavenLocalRepozitory\org\springframework\security\spring-security-rsa\1.0.9.RELEASE\spring-security-rsa-1.0.9.RELEASE.jar;C:\MavenLocalRepozitory\org\springframework\cloud\spring-cloud-netflix-eureka-server\2.2.3.RELEASE\spring-cloud-netflix-eureka-server-2.2.3.RELEASE.jar;C:\MavenLocalRepozitory\org\springframework\boot\spring-boot-starter-freemarker\2.2.6.RELEASE\spring-boot-starter-freemarker-2.2.6.RELEASE.jar;C:\MavenLocalRepozitory\org\freemarker\freemarker\2.3.30\freemarker-2.3.30.jar;C:\MavenLocalRepozitory\com\sun\jersey\jersey-servlet\1.19.1\jersey-servlet-1.19.1.jar;C:\MavenLocalRepozitory\com\sun\jersey\jersey-server\1.19.1\jersey-server-1.19.1.jar;C:\MavenLocalRepozitory\com\netflix\eureka\eureka-core\1.9.21\eureka-core-1.9.21.jar;C:\MavenLocalRepozitory\org\springframework\cloud\spring-cloud-starter-netflix-archaius\2.2.3.RELEASE\spring-cloud-starter-netflix-archaius-2.2.3.RELEASE.jar;C:\MavenLocalRepozitory\org\springframework\cloud\spring-cloud-netflix-archaius\2.2.3.RELEASE\spring-cloud-netflix-archaius-2.2.3.RELEASE.jar;C:\MavenLocalRepozitory\org\springframework\cloud\spring-cloud-starter-loadbalancer\2.2.3.RELEASE\spring-cloud-starter-loadbalancer-2.2.3.RELEASE.jar;C:\MavenLocalRepozitory\org\springframework\cloud\spring-cloud-loadbalancer\2.2.3.RELEASE\spring-cloud-loadbalancer-2.2.3.RELEASE.jar;C:\MavenLocalRepozitory\io\projectreactor\reactor-core\3.3.4.RELEASE\reactor-core-3.3.4.RELEASE.jar;C:\MavenLocalRepozitory\org\reactivestreams\reactive-streams\1.0.3\reactive-streams-1.0.3.jar;C:\MavenLocalRepozitory\io\projectreactor\addons\reactor-extra\3.3.3.RELEASE\reactor-extra-3.3.3.RELEASE.jar;C:\MavenLocalRepozitory\org\springframework\boot\spring-boot-starter-cache\2.2.6.RELEASE\spring-boot-starter-cache-2.2.6.RELEASE.jar;C:\MavenLocalRepozitory\com\stoyanr\evictor\1.0.0\evictor-1.0.0.jar;C:\MavenLocalRepozitory\com\netflix\ribbon\ribbon-eureka\2.3.0\ribbon-eureka-2.3.0.jar;C:\MavenLocalRepozitory\org\glassfish\jaxb\jaxb-runtime\2.3.2\jaxb-runtime-2.3.2.jar;C:\MavenLocalRepozitory\org\glassfish\jaxb\txw2\2.3.2\txw2-2.3.2.jar;C:\MavenLocalRepozitory\com\sun\istack\istack-commons-runtime\3.0.8\istack-commons-runtime-3.0.8.jar;C:\MavenLocalRepozitory\org\jvnet\staxex\stax-ex\1.8.1\stax-ex-1.8.1.jar;C:\MavenLocalRepozitory\com\sun\xml\fastinfoset\FastInfoset\1.2.16\FastInfoset-1.2.16.jar;C:\MavenLocalRepozitory\org\springframework\security\spring-security-test\5.2.2.RELEASE\spring-security-test-5.2.2.RELEASE.jar;C:\MavenLocalRepozitory\org\springframework\security\spring-security-core\5.2.2.RELEASE\spring-security-core-5.2.2.RELEASE.jar;C:\MavenLocalRepozitory\org\springframework\spring-aop\5.2.5.RELEASE\spring-aop-5.2.5.RELEASE.jar;C:\MavenLocalRepozitory\org\springframework\spring-expression\5.2.5.RELEASE\spring-expression-5.2.5.RELEASE.jar;C:\MavenLocalRepozitory\org\springframework\security\spring-security-web\5.2.2.RELEASE\spring-security-web-5.2.2.RELEASE.jar;C:\MavenLocalRepozitory\org\liquibase\liquibase-core\3.8.8\liquibase-core-3.8.8.jar;C:\MavenLocalRepozitory\javax\xml\bind\jaxb-api\2.3.1\jaxb-api-2.3.1.jar;C:\MavenLocalRepozitory\javax\activation\javax.activation-api\1.2.0\javax.activation-api-1.2.0.jar;C:\MavenLocalRepozitory\org\slf4j\slf4j-api\1.7.25\slf4j-api-1.7.25.jar;C:\MavenLocalRepozitory\com\tngtech\archunit\archunit\0.13.1\archunit-0.13.1.jar;C:\MavenLocalRepozitory\ru\diasoft\micro\archetype-tests\1.01.05-21032401\archetype-tests-1.01.05-21032401.jar;C:\MavenLocalRepozitory\junit\junit\4.12\junit-4.12.jar;C:\MavenLocalRepozitory\org\hamcrest\hamcrest-core\2.1\hamcrest-core-2.1.jar;C:\MavenLocalRepozitory\ru\diasoft\micro\reactive-starter\1.19.01-21032201\reactive-starter-1.19.01-21032201.jar;C:\MavenLocalRepozitory\org\springframework\boot\spring-boot-starter-webflux\2.2.6.RELEASE\spring-boot-starter-webflux-2.2.6.RELEASE.jar;C:\MavenLocalRepozitory\org\springframework\boot\spring-boot-starter-reactor-netty\2.2.6.RELEASE\spring-boot-starter-reactor-netty-2.2.6.RELEASE.jar;C:\MavenLocalRepozitory\io\projectreactor\netty\reactor-netty\0.9.6.RELEASE\reactor-netty-0.9.6.RELEASE.jar;C:\MavenLocalRepozitory\io\netty\netty-codec-http\4.1.48.Final\netty-codec-http-4.1.48.Final.jar;C:\MavenLocalRepozitory\io\netty\netty-common\4.1.48.Final\netty-common-4.1.48.Final.jar;C:\MavenLocalRepozitory\io\netty\netty-buffer\4.1.48.Final\netty-buffer-4.1.48.Final.jar;C:\MavenLocalRepozitory\io\netty\netty-transport\4.1.48.Final\netty-transport-4.1.48.Final.jar;C:\MavenLocalRepozitory\io\netty\netty-codec\4.1.48.Final\netty-codec-4.1.48.Final.jar;C:\MavenLocalRepozitory\io\netty\netty-codec-http2\4.1.48.Final\netty-codec-http2-4.1.48.Final.jar;C:\MavenLocalRepozitory\io\netty\netty-handler\4.1.48.Final\netty-handler-4.1.48.Final.jar;C:\MavenLocalRepozitory\io\netty\netty-resolver\4.1.48.Final\netty-resolver-4.1.48.Final.jar;C:\MavenLocalRepozitory\io\netty\netty-handler-proxy\4.1.48.Final\netty-handler-proxy-4.1.48.Final.jar;C:\MavenLocalRepozitory\io\netty\netty-codec-socks\4.1.48.Final\netty-codec-socks-4.1.48.Final.jar;C:\MavenLocalRepozitory\io\netty\netty-transport-native-epoll\4.1.48.Final\netty-transport-native-epoll-4.1.48.Final-linux-x86_64.jar;C:\MavenLocalRepozitory\io\netty\netty-transport-native-unix-common\4.1.48.Final\netty-transport-native-unix-common-4.1.48.Final.jar;C:\MavenLocalRepozitory\org\glassfish\jakarta.el\3.0.3\jakarta.el-3.0.3.jar;C:\MavenLocalRepozitory\org\springframework\spring-webflux\5.2.5.RELEASE\spring-webflux-5.2.5.RELEASE.jar;C:\MavenLocalRepozitory\org\synchronoss\cloud\nio-multipart-parser\1.1.0\nio-multipart-parser-1.1.0.jar;C:\MavenLocalRepozitory\org\synchronoss\cloud\nio-stream-storage\1.1.3\nio-stream-storage-1.1.3.jar;C:\MavenLocalRepozitory\ru\diasoft\micro\rest-starter\1.20.01-21040101\rest-starter-1.20.01-21040101.jar;C:\MavenLocalRepozitory\org\springframework\boot\spring-boot-starter-web\2.2.6.RELEASE\spring-boot-starter-web-2.2.6.RELEASE.jar;C:\MavenLocalRepozitory\org\springframework\boot\spring-boot-starter-json\2.2.6.RELEASE\spring-boot-starter-json-2.2.6.RELEASE.jar;C:\MavenLocalRepozitory\com\fasterxml\jackson\datatype\jackson-datatype-jdk8\2.10.3\jackson-datatype-jdk8-2.10.3.jar;C:\MavenLocalRepozitory\com\fasterxml\jackson\module\jackson-module-parameter-names\2.10.3\jackson-module-parameter-names-2.10.3.jar;C:\MavenLocalRepozitory\org\springframework\boot\spring-boot-starter-tomcat\2.2.6.RELEASE\spring-boot-starter-tomcat-2.2.6.RELEASE.jar;C:\MavenLocalRepozitory\org\apache\tomcat\embed\tomcat-embed-core\9.0.33\tomcat-embed-core-9.0.33.jar;C:\MavenLocalRepozitory\org\apache\tomcat\embed\tomcat-embed-el\9.0.33\tomcat-embed-el-9.0.33.jar;C:\MavenLocalRepozitory\org\apache\tomcat\embed\tomcat-embed-websocket\9.0.33\tomcat-embed-websocket-9.0.33.jar;C:\MavenLocalRepozitory\org\springframework\boot\spring-boot-starter-validation\2.2.6.RELEASE\spring-boot-starter-validation-2.2.6.RELEASE.jar;C:\MavenLocalRepozitory\jakarta\validation\jakarta.validation-api\2.0.2\jakarta.validation-api-2.0.2.jar;C:\MavenLocalRepozitory\org\hibernate\validator\hibernate-validator\6.0.18.Final\hibernate-validator-6.0.18.Final.jar;C:\MavenLocalRepozitory\org\springframework\spring-webmvc\5.2.5.RELEASE\spring-webmvc-5.2.5.RELEASE.jar;C:\MavenLocalRepozitory\ru\diasoft\flextera\dstrace-spring-boot-starter-rest\4.01.01-21032201\dstrace-spring-boot-starter-rest-4.01.01-21032201.jar;C:\MavenLocalRepozitory\org\springframework\boot\spring-boot-starter-actuator\2.2.6.RELEASE\spring-boot-starter-actuator-2.2.6.RELEASE.jar;C:\MavenLocalRepozitory\org\springframework\boot\spring-boot-actuator-autoconfigure\2.2.6.RELEASE\spring-boot-actuator-autoconfigure-2.2.6.RELEASE.jar;C:\MavenLocalRepozitory\org\springframework\boot\spring-boot-actuator\2.2.6.RELEASE\spring-boot-actuator-2.2.6.RELEASE.jar;C:\MavenLocalRepozitory\com\fasterxml\jackson\datatype\jackson-datatype-jsr310\2.10.3\jackson-datatype-jsr310-2.10.3.jar;C:\MavenLocalRepozitory\org\springframework\cloud\spring-cloud-starter-oauth2\2.2.2.RELEASE\spring-cloud-starter-oauth2-2.2.2.RELEASE.jar;C:\MavenLocalRepozitory\org\springframework\cloud\spring-cloud-starter-security\2.2.2.RELEASE\spring-cloud-starter-security-2.2.2.RELEASE.jar;C:\MavenLocalRepozitory\org\springframework\cloud\spring-cloud-security\2.2.2.RELEASE\spring-cloud-security-2.2.2.RELEASE.jar;C:\MavenLocalRepozitory\org\springframework\boot\spring-boot-starter-security\2.2.6.RELEASE\spring-boot-starter-security-2.2.6.RELEASE.jar;C:\MavenLocalRepozitory\org\springframework\security\oauth\boot\spring-security-oauth2-autoconfigure\2.1.2.RELEASE\spring-security-oauth2-autoconfigure-2.1.2.RELEASE.jar;C:\MavenLocalRepozitory\com\sun\xml\bind\jaxb-core\2.3.0.1\jaxb-core-2.3.0.1.jar;C:\MavenLocalRepozitory\com\sun\xml\bind\jaxb-impl\2.3.0.1\jaxb-impl-2.3.0.1.jar;C:\MavenLocalRepozitory\org\springframework\security\oauth\spring-security-oauth2\2.3.4.RELEASE\spring-security-oauth2-2.3.4.RELEASE.jar;C:\MavenLocalRepozitory\org\springframework\security\spring-security-config\5.2.2.RELEASE\spring-security-config-5.2.2.RELEASE.jar;C:\MavenLocalRepozitory\org\codehaus\jackson\jackson-mapper-asl\1.9.13\jackson-mapper-asl-1.9.13.jar;C:\MavenLocalRepozitory\org\codehaus\jackson\jackson-core-asl\1.9.13\jackson-core-asl-1.9.13.jar;C:\MavenLocalRepozitory\org\springframework\security\spring-security-jwt\1.0.9.RELEASE\spring-security-jwt-1.0.9.RELEASE.jar;C:\MavenLocalRepozitory\ru\diasoft\micro\swagger-starter\1.20.01-21040101\swagger-starter-1.20.01-21040101.jar;C:\MavenLocalRepozitory\io\springfox\springfox-boot-starter\3.0.0\springfox-boot-starter-3.0.0.jar;C:\MavenLocalRepozitory\io\springfox\springfox-oas\3.0.0\springfox-oas-3.0.0.jar;C:\MavenLocalRepozitory\io\swagger\core\v3\swagger-annotations\2.1.2\swagger-annotations-2.1.2.jar;C:\MavenLocalRepozitory\io\swagger\core\v3\swagger-models\2.1.2\swagger-models-2.1.2.jar;C:\MavenLocalRepozitory\io\springfox\springfox-spi\3.0.0\springfox-spi-3.0.0.jar;C:\MavenLocalRepozitory\io\springfox\springfox-schema\3.0.0\springfox-schema-3.0.0.jar;C:\MavenLocalRepozitory\io\springfox\springfox-core\3.0.0\springfox-core-3.0.0.jar;C:\MavenLocalRepozitory\io\springfox\springfox-spring-web\3.0.0\springfox-spring-web-3.0.0.jar;C:\MavenLocalRepozitory\io\github\classgraph\classgraph\4.8.83\classgraph-4.8.83.jar;C:\MavenLocalRepozitory\io\springfox\springfox-spring-webmvc\3.0.0\springfox-spring-webmvc-3.0.0.jar;C:\MavenLocalRepozitory\io\springfox\springfox-spring-webflux\3.0.0\springfox-spring-webflux-3.0.0.jar;C:\MavenLocalRepozitory\io\springfox\springfox-swagger-common\3.0.0\springfox-swagger-common-3.0.0.jar;C:\MavenLocalRepozitory\io\springfox\springfox-data-rest\3.0.0\springfox-data-rest-3.0.0.jar;C:\MavenLocalRepozitory\io\springfox\springfox-bean-validators\3.0.0\springfox-bean-validators-3.0.0.jar;C:\MavenLocalRepozitory\io\springfox\springfox-swagger2\3.0.0\springfox-swagger2-3.0.0.jar;C:\MavenLocalRepozitory\io\swagger\swagger-models\1.5.20\swagger-models-1.5.20.jar;C:\MavenLocalRepozitory\io\springfox\springfox-swagger-ui\3.0.0\springfox-swagger-ui-3.0.0.jar;C:\MavenLocalRepozitory\com\fasterxml\classmate\1.5.1\classmate-1.5.1.jar;C:\MavenLocalRepozitory\org\springframework\plugin\spring-plugin-core\2.0.0.RELEASE\spring-plugin-core-2.0.0.RELEASE.jar;C:\MavenLocalRepozitory\org\springframework\plugin\spring-plugin-metadata\2.0.0.RELEASE\spring-plugin-metadata-2.0.0.RELEASE.jar;C:\MavenLocalRepozitory\de\codecentric\chaos-monkey-spring-boot\2.2.0\chaos-monkey-spring-boot-2.2.0.jar;C:\MavenLocalRepozitory\org\springframework\spring-aspects\5.2.5.RELEASE\spring-aspects-5.2.5.RELEASE.jar;C:\MavenLocalRepozitory\org\springframework\spring-instrument\5.2.5.RELEASE\spring-instrument-5.2.5.RELEASE.jar;C:\MavenLocalRepozitory\org\aspectj\aspectjweaver\1.9.5\aspectjweaver-1.9.5.jar;C:\MavenLocalRepozitory\org\springframework\boot\spring-boot-configuration-processor\2.2.6.RELEASE\spring-boot-configuration-processor-2.2.6.RELEASE.jar;"/>
    <property name="sun.cpu.endian" value="little"/>
    <property name="user.home" value="C:\Users\Лев"/>
    <property name="user.language" value="ru"/>
    <property name="git.closest.tag.commit.count" value=""/>
    <property name="java.specification.vendor" value="Oracle Corporation"/>
    <property name="java.home" value="C:\Program Files\Java\jdk1.8.0_281\jre"/>
    <property name="git.total.commit.count" value="17"/>
    <property name="file.separator" value="\"/>
    <property name="basedir" value="C:\_PROJECTS_\microlessons\lesson13\demo\service"/>
    <property name="line.separator" value="&#10;"/>
    <property name="git.commit.committer.time" value="2021-04-16T21:12:24+0300"/>
    <property name="git.build.user.email" value="lmaksimov@diasoft.ru"/>
    <property name="java.vm.specification.vendor" value="Oracle Corporation"/>
    <property name="java.specification.name" value="Java Platform API Specification"/>
    <property name="java.awt.graphicsenv" value="sun.awt.Win32GraphicsEnvironment"/>
    <property name="git.closest.tag.name" value=""/>
    <property name="git.local.branch.ahead" value="0"/>
    <property name="git.build.time" value="2021-04-19T20:26:33+0300"/>
    <property name="surefire.real.class.path" value="C:\Users\Лев\AppData\Local\Temp\surefire718171306781034917\surefirebooter1966697267100440564.jar;C:\\MavenLocalRepozitory\\org\\jacoco\\org.jacoco.agent\\0.8.4\\org.jacoco.agent-0.8.4-runtime.jar"/>
    <property name="git.commit.message.full" value="12. Правила разработки микросервисов"/>
    <property name="sun.boot.class.path" value="C:\Program Files\Java\jdk1.8.0_281\jre\lib\resources.jar;C:\Program Files\Java\jdk1.8.0_281\jre\lib\rt.jar;C:\Program Files\Java\jdk1.8.0_281\jre\lib\sunrsasign.jar;C:\Program Files\Java\jdk1.8.0_281\jre\lib\jsse.jar;C:\Program Files\Java\jdk1.8.0_281\jre\lib\jce.jar;C:\Program Files\Java\jdk1.8.0_281\jre\lib\charsets.jar;C:\Program Files\Java\jdk1.8.0_281\jre\lib\jfr.jar;C:\Program Files\Java\jdk1.8.0_281\jre\classes"/>
    <property name="user.script" value=""/>
    <property name="sun.management.compiler" value="HotSpot 64-Bit Tiered Compilers"/>
    <property name="java.runtime.version" value="1.8.0_281-b09"/>
    <property name="user.name" value="Лев"/>
    <property name="org.springframework.boot.logging.LoggingSystem" value="org.apache.logging.log4j.spring.cloud.config.client.Log4j2CloudConfigLoggingSystem"/>
    <property name="path.separator" value=";"/>
    <property name="os.version" value="10.0"/>
    <property name="java.endorsed.dirs" value="C:\Program Files\Java\jdk1.8.0_281\jre\lib\endorsed"/>
    <property name="java.runtime.name" value="Java(TM) SE Runtime Environment"/>
    <property name="file.encoding" value="Cp1251"/>
    <property name="git.commit.user.email" value="lmaksimov@diasoft.ru"/>
    <property name="java.vm.name" value="Java HotSpot(TM) 64-Bit Server VM"/>
    <property name="git.local.branch.behind" value="0"/>
    <property name="git.dirty" value="false"/>
    <property name="localRepository" value="C:\MavenLocalRepozitory"/>
    <property name="java.vendor.url.bug" value="http://bugreport.sun.com/bugreport/"/>
    <property name="java.io.tmpdir" value="C:\Users\A04D~1\AppData\Local\Temp\"/>
    <property name="java.version" value="1.8.0_281"/>
    <property name="user.dir" value="C:\_PROJECTS_\microlessons\lesson13\demo\service"/>
    <property name="os.arch" value="amd64"/>
    <property name="git.commit.user.name" value="Лев Максимов"/>
    <property name="git.commit.id.abbrev" value="9be4e64"/>
    <property name="java.vm.specification.name" value="Java Virtual Machine Specification"/>
    <property name="java.awt.printerjob" value="sun.awt.windows.WPrinterJob"/>
    <property name="git.commit.id.describe-short" value="9be4e64"/>
    <property name="sun.os.patch.level" value=""/>
    <property name="git.commit.id.describe" value="9be4e64"/>
    <property name="git.commit.message.short" value="12. Правила разработки микросервисов"/>
    <property name="java.library.path" value="C:\Program Files\Java\jdk1.8.0_281\jre\bin;C:\WINDOWS\Sun\Java\bin;C:\WINDOWS\system32;C:\WINDOWS;C:\Program Files (x86)\Common Files\Oracle\Java\javapath;C:\Program Files\Common Files\Oracle\Java\javapath;C:\WINDOWS\system32;C:\WINDOWS;C:\WINDOWS\System32\Wbem;C:\WINDOWS\System32\WindowsPowerShell\v1.0\;C:\WINDOWS\System32\OpenSSH\;C:\Program Files\Java\jdk1.8.0_281;C:\Program Files\Git\cmd;C:\apache-maven-3.6.3\bin;C:\Program Files\TortoiseGit\bin;C:\Program Files (x86)\Common Files\Acronis\SnapAPI\;C:\Program Files (x86)\Common Files\Acronis\VirtualFile\;C:\Program Files (x86)\Common Files\Acronis\VirtualFile64\;C:\Program Files (x86)\Common Files\Acronis\FileProtector\;C:\Program Files (x86)\Common Files\Acronis\FileProtector64\;C:\Program Files (x86)\PuTTY\;C:\Program Files\NVIDIA Corporation\NVIDIA NvDLISR;C:\Program Files\Docker\Docker\resources\bin;C:\ProgramData\DockerDesktop\version-bin;C:\Users\Лев\AppData\Local\Microsoft\WindowsApps;C:\Users\Лев\AppData\Local\GitHubDesktop\bin;."/>
    <property name="java.vendor" value="Oracle Corporation"/>
    <property name="java.vm.info" value="mixed mode"/>
    <property name="java.vm.version" value="25.281-b09"/>
    <property name="sun.io.unicode.encoding" value="UnicodeLittle"/>
    <property name="java.ext.dirs" value="C:\Program Files\Java\jdk1.8.0_281\jre\lib\ext;C:\WINDOWS\Sun\Java\lib\ext"/>
    <property name="java.class.version" value="52.0"/>
    <property name="git.commit.time" value="2021-04-16T21:12:24+0300"/>
    <property name="git.remote.origin.url" value="https://github.com/leotiger28/microlessons"/>
  </properties>
  <testcase name="repository_should_be_suffixed" classname="ru.diasoft.micro.archunit.NamingConventionTests" time="1.029"/>
  <testcase name="controllers_should_be_suffixed" classname="ru.diasoft.micro.archunit.NamingConventionTests" time="0.146"/>
</testsuite>