<?xml version="1.0" encoding="UTF-8"?>
<testsuite xmlns:xsi="http://www.w3.org/2001/XMLSchema-instance" xsi:noNamespaceSchemaLocation="https://maven.apache.org/surefire/maven-surefire-plugin/xsd/surefire-test-report.xsd" name="ru.leo.springDemo.RestServiceApplicationTests" time="4.946" tests="1" errors="1" skipped="0" failures="0">
  <properties>
    <property name="sun.desktop" value="windows"/>
    <property name="awt.toolkit" value="sun.awt.windows.WToolkit"/>
    <property name="file.encoding.pkg" value="sun.io"/>
    <property name="java.specification.version" value="1.8"/>
    <property name="sun.cpu.isalist" value="amd64"/>
    <property name="sun.jnu.encoding" value="Cp1251"/>
    <property name="java.class.path" value="C:\_PROJECTS_\microlessons\lesson5\target\test-classes;C:\_PROJECTS_\microlessons\lesson5\target\classes;C:\MavenLocalRepozitory\org\springframework\boot\spring-boot-starter-web\2.4.2\spring-boot-starter-web-2.4.2.jar;C:\MavenLocalRepozitory\org\springframework\boot\spring-boot-starter\2.4.2\spring-boot-starter-2.4.2.jar;C:\MavenLocalRepozitory\org\springframework\boot\spring-boot\2.4.2\spring-boot-2.4.2.jar;C:\MavenLocalRepozitory\org\springframework\boot\spring-boot-autoconfigure\2.4.2\spring-boot-autoconfigure-2.4.2.jar;C:\MavenLocalRepozitory\org\springframework\boot\spring-boot-starter-logging\2.4.2\spring-boot-starter-logging-2.4.2.jar;C:\MavenLocalRepozitory\ch\qos\logback\logback-classic\1.2.3\logback-classic-1.2.3.jar;C:\MavenLocalRepozitory\ch\qos\logback\logback-core\1.2.3\logback-core-1.2.3.jar;C:\MavenLocalRepozitory\org\apache\logging\log4j\log4j-to-slf4j\2.13.3\log4j-to-slf4j-2.13.3.jar;C:\MavenLocalRepozitory\org\apache\logging\log4j\log4j-api\2.13.3\log4j-api-2.13.3.jar;C:\MavenLocalRepozitory\org\slf4j\jul-to-slf4j\1.7.30\jul-to-slf4j-1.7.30.jar;C:\MavenLocalRepozitory\jakarta\annotation\jakarta.annotation-api\1.3.5\jakarta.annotation-api-1.3.5.jar;C:\MavenLocalRepozitory\org\yaml\snakeyaml\1.27\snakeyaml-1.27.jar;C:\MavenLocalRepozitory\org\springframework\boot\spring-boot-starter-json\2.4.2\spring-boot-starter-json-2.4.2.jar;C:\MavenLocalRepozitory\com\fasterxml\jackson\core\jackson-databind\2.11.4\jackson-databind-2.11.4.jar;C:\MavenLocalRepozitory\com\fasterxml\jackson\core\jackson-annotations\2.11.4\jackson-annotations-2.11.4.jar;C:\MavenLocalRepozitory\com\fasterxml\jackson\core\jackson-core\2.11.4\jackson-core-2.11.4.jar;C:\MavenLocalRepozitory\com\fasterxml\jackson\datatype\jackson-datatype-jdk8\2.11.4\jackson-datatype-jdk8-2.11.4.jar;C:\MavenLocalRepozitory\com\fasterxml\jackson\datatype\jackson-datatype-jsr310\2.11.4\jackson-datatype-jsr310-2.11.4.jar;C:\MavenLocalRepozitory\com\fasterxml\jackson\module\jackson-module-parameter-names\2.11.4\jackson-module-parameter-names-2.11.4.jar;C:\MavenLocalRepozitory\org\springframework\boot\spring-boot-starter-tomcat\2.4.2\spring-boot-starter-tomcat-2.4.2.jar;C:\MavenLocalRepozitory\org\apache\tomcat\embed\tomcat-embed-core\9.0.41\tomcat-embed-core-9.0.41.jar;C:\MavenLocalRepozitory\org\glassfish\jakarta.el\3.0.3\jakarta.el-3.0.3.jar;C:\MavenLocalRepozitory\org\apache\tomcat\embed\tomcat-embed-websocket\9.0.41\tomcat-embed-websocket-9.0.41.jar;C:\MavenLocalRepozitory\org\springframework\spring-web\5.3.3\spring-web-5.3.3.jar;C:\MavenLocalRepozitory\org\springframework\spring-beans\5.3.3\spring-beans-5.3.3.jar;C:\MavenLocalRepozitory\org\springframework\spring-webmvc\5.3.3\spring-webmvc-5.3.3.jar;C:\MavenLocalRepozitory\org\springframework\spring-context\5.3.3\spring-context-5.3.3.jar;C:\MavenLocalRepozitory\org\springframework\spring-expression\5.3.3\spring-expression-5.3.3.jar;C:\MavenLocalRepozitory\org\springframework\boot\spring-boot-starter-test\2.4.2\spring-boot-starter-test-2.4.2.jar;C:\MavenLocalRepozitory\org\springframework\boot\spring-boot-test\2.4.2\spring-boot-test-2.4.2.jar;C:\MavenLocalRepozitory\org\springframework\boot\spring-boot-test-autoconfigure\2.4.2\spring-boot-test-autoconfigure-2.4.2.jar;C:\MavenLocalRepozitory\com\jayway\jsonpath\json-path\2.4.0\json-path-2.4.0.jar;C:\MavenLocalRepozitory\net\minidev\json-smart\2.3\json-smart-2.3.jar;C:\MavenLocalRepozitory\net\minidev\accessors-smart\1.2\accessors-smart-1.2.jar;C:\MavenLocalRepozitory\org\ow2\asm\asm\5.0.4\asm-5.0.4.jar;C:\MavenLocalRepozitory\jakarta\xml\bind\jakarta.xml.bind-api\2.3.3\jakarta.xml.bind-api-2.3.3.jar;C:\MavenLocalRepozitory\jakarta\activation\jakarta.activation-api\1.2.2\jakarta.activation-api-1.2.2.jar;C:\MavenLocalRepozitory\org\assertj\assertj-core\3.18.1\assertj-core-3.18.1.jar;C:\MavenLocalRepozitory\org\hamcrest\hamcrest\2.2\hamcrest-2.2.jar;C:\MavenLocalRepozitory\org\junit\jupiter\junit-jupiter\5.7.0\junit-jupiter-5.7.0.jar;C:\MavenLocalRepozitory\org\junit\jupiter\junit-jupiter-api\5.7.0\junit-jupiter-api-5.7.0.jar;C:\MavenLocalRepozitory\org\apiguardian\apiguardian-api\1.1.0\apiguardian-api-1.1.0.jar;C:\MavenLocalRepozitory\org\opentest4j\opentest4j\1.2.0\opentest4j-1.2.0.jar;C:\MavenLocalRepozitory\org\junit\platform\junit-platform-commons\1.7.0\junit-platform-commons-1.7.0.jar;C:\MavenLocalRepozitory\org\junit\jupiter\junit-jupiter-params\5.7.0\junit-jupiter-params-5.7.0.jar;C:\MavenLocalRepozitory\org\junit\jupiter\junit-jupiter-engine\5.7.0\junit-jupiter-engine-5.7.0.jar;C:\MavenLocalRepozitory\org\junit\platform\junit-platform-engine\1.7.0\junit-platform-engine-1.7.0.jar;C:\MavenLocalRepozitory\org\mockito\mockito-core\3.6.28\mockito-core-3.6.28.jar;C:\MavenLocalRepozitory\net\bytebuddy\byte-buddy\1.10.19\byte-buddy-1.10.19.jar;C:\MavenLocalRepozitory\net\bytebuddy\byte-buddy-agent\1.10.19\byte-buddy-agent-1.10.19.jar;C:\MavenLocalRepozitory\org\objenesis\objenesis\3.1\objenesis-3.1.jar;C:\MavenLocalRepozitory\org\mockito\mockito-junit-jupiter\3.6.28\mockito-junit-jupiter-3.6.28.jar;C:\MavenLocalRepozitory\org\skyscreamer\jsonassert\1.5.0\jsonassert-1.5.0.jar;C:\MavenLocalRepozitory\com\vaadin\external\google\android-json\0.0.20131108.vaadin1\android-json-0.0.20131108.vaadin1.jar;C:\MavenLocalRepozitory\org\springframework\spring-core\5.3.3\spring-core-5.3.3.jar;C:\MavenLocalRepozitory\org\springframework\spring-jcl\5.3.3\spring-jcl-5.3.3.jar;C:\MavenLocalRepozitory\org\springframework\spring-test\5.3.3\spring-test-5.3.3.jar;C:\MavenLocalRepozitory\org\xmlunit\xmlunit-core\2.7.0\xmlunit-core-2.7.0.jar;C:\MavenLocalRepozitory\org\springframework\boot\spring-boot-starter-aop\2.4.2\spring-boot-starter-aop-2.4.2.jar;C:\MavenLocalRepozitory\org\springframework\spring-aop\5.3.3\spring-aop-5.3.3.jar;C:\MavenLocalRepozitory\org\aspectj\aspectjweaver\1.9.6\aspectjweaver-1.9.6.jar;C:\MavenLocalRepozitory\org\springframework\boot\spring-boot-starter-data-jpa\2.4.2\spring-boot-starter-data-jpa-2.4.2.jar;C:\MavenLocalRepozitory\org\springframework\boot\spring-boot-starter-jdbc\2.4.2\spring-boot-starter-jdbc-2.4.2.jar;C:\MavenLocalRepozitory\com\zaxxer\HikariCP\3.4.5\HikariCP-3.4.5.jar;C:\MavenLocalRepozitory\org\springframework\spring-jdbc\5.3.3\spring-jdbc-5.3.3.jar;C:\MavenLocalRepozitory\jakarta\transaction\jakarta.transaction-api\1.3.3\jakarta.transaction-api-1.3.3.jar;C:\MavenLocalRepozitory\jakarta\persistence\jakarta.persistence-api\2.2.3\jakarta.persistence-api-2.2.3.jar;C:\MavenLocalRepozitory\org\hibernate\hibernate-core\5.4.27.Final\hibernate-core-5.4.27.Final.jar;C:\MavenLocalRepozitory\org\jboss\logging\jboss-logging\3.4.1.Final\jboss-logging-3.4.1.Final.jar;C:\MavenLocalRepozitory\org\javassist\javassist\3.27.0-GA\javassist-3.27.0-GA.jar;C:\MavenLocalRepozitory\antlr\antlr\2.7.7\antlr-2.7.7.jar;C:\MavenLocalRepozitory\org\jboss\jandex\2.1.3.Final\jandex-2.1.3.Final.jar;C:\MavenLocalRepozitory\com\fasterxml\classmate\1.5.1\classmate-1.5.1.jar;C:\MavenLocalRepozitory\org\dom4j\dom4j\2.1.3\dom4j-2.1.3.jar;C:\MavenLocalRepozitory\org\hibernate\common\hibernate-commons-annotations\5.1.2.Final\hibernate-commons-annotations-5.1.2.Final.jar;C:\MavenLocalRepozitory\org\glassfish\jaxb\jaxb-runtime\2.3.3\jaxb-runtime-2.3.3.jar;C:\MavenLocalRepozitory\org\glassfish\jaxb\txw2\2.3.3\txw2-2.3.3.jar;C:\MavenLocalRepozitory\com\sun\istack\istack-commons-runtime\3.0.11\istack-commons-runtime-3.0.11.jar;C:\MavenLocalRepozitory\com\sun\activation\jakarta.activation\1.2.2\jakarta.activation-1.2.2.jar;C:\MavenLocalRepozitory\org\springframework\data\spring-data-jpa\2.4.3\spring-data-jpa-2.4.3.jar;C:\MavenLocalRepozitory\org\springframework\data\spring-data-commons\2.4.3\spring-data-commons-2.4.3.jar;C:\MavenLocalRepozitory\org\springframework\spring-orm\5.3.3\spring-orm-5.3.3.jar;C:\MavenLocalRepozitory\org\springframework\spring-tx\5.3.3\spring-tx-5.3.3.jar;C:\MavenLocalRepozitory\org\springframework\spring-aspects\5.3.3\spring-aspects-5.3.3.jar;C:\MavenLocalRepozitory\com\h2database\h2\1.4.200\h2-1.4.200.jar;C:\MavenLocalRepozitory\org\postgresql\postgresql\42.2.18\postgresql-42.2.18.jar;C:\MavenLocalRepozitory\org\checkerframework\checker-qual\3.5.0\checker-qual-3.5.0.jar;C:\MavenLocalRepozitory\org\liquibase\liquibase-core\3.10.3\liquibase-core-3.10.3.jar;C:\MavenLocalRepozitory\javax\xml\bind\jaxb-api\2.3.1\jaxb-api-2.3.1.jar;C:\MavenLocalRepozitory\javax\activation\javax.activation-api\1.2.0\javax.activation-api-1.2.0.jar;C:\MavenLocalRepozitory\org\slf4j\slf4j-api\1.7.30\slf4j-api-1.7.30.jar;"/>
    <property name="java.vm.vendor" value="Oracle Corporation"/>
    <property name="sun.arch.data.model" value="64"/>
    <property name="user.variant" value=""/>
    <property name="java.vendor.url" value="http://java.oracle.com/"/>
    <property name="user.timezone" value="Europe/Moscow"/>
    <property name="java.vm.specification.version" value="1.8"/>
    <property name="os.name" value="Windows 10"/>
    <property name="user.country" value="RU"/>
    <property name="sun.java.launcher" value="SUN_STANDARD"/>
    <property name="sun.boot.library.path" value="C:\Program Files\Java\jdk1.8.0_281\jre\bin"/>
    <property name="sun.java.command" value="C:\Users\A04D~1\AppData\Local\Temp\surefire7196799184761437808\surefirebooter3454470355713647657.jar C:\Users\Лев\AppData\Local\Temp\surefire7196799184761437808 2021-04-09T23-16-16_089-jvmRun1 surefire9072850703117100333tmp surefire_07400526044765439133tmp"/>
    <property name="surefire.test.class.path" value="C:\_PROJECTS_\microlessons\lesson5\target\test-classes;C:\_PROJECTS_\microlessons\lesson5\target\classes;C:\MavenLocalRepozitory\org\springframework\boot\spring-boot-starter-web\2.4.2\spring-boot-starter-web-2.4.2.jar;C:\MavenLocalRepozitory\org\springframework\boot\spring-boot-starter\2.4.2\spring-boot-starter-2.4.2.jar;C:\MavenLocalRepozitory\org\springframework\boot\spring-boot\2.4.2\spring-boot-2.4.2.jar;C:\MavenLocalRepozitory\org\springframework\boot\spring-boot-autoconfigure\2.4.2\spring-boot-autoconfigure-2.4.2.jar;C:\MavenLocalRepozitory\org\springframework\boot\spring-boot-starter-logging\2.4.2\spring-boot-starter-logging-2.4.2.jar;C:\MavenLocalRepozitory\ch\qos\logback\logback-classic\1.2.3\logback-classic-1.2.3.jar;C:\MavenLocalRepozitory\ch\qos\logback\logback-core\1.2.3\logback-core-1.2.3.jar;C:\MavenLocalRepozitory\org\apache\logging\log4j\log4j-to-slf4j\2.13.3\log4j-to-slf4j-2.13.3.jar;C:\MavenLocalRepozitory\org\apache\logging\log4j\log4j-api\2.13.3\log4j-api-2.13.3.jar;C:\MavenLocalRepozitory\org\slf4j\jul-to-slf4j\1.7.30\jul-to-slf4j-1.7.30.jar;C:\MavenLocalRepozitory\jakarta\annotation\jakarta.annotation-api\1.3.5\jakarta.annotation-api-1.3.5.jar;C:\MavenLocalRepozitory\org\yaml\snakeyaml\1.27\snakeyaml-1.27.jar;C:\MavenLocalRepozitory\org\springframework\boot\spring-boot-starter-json\2.4.2\spring-boot-starter-json-2.4.2.jar;C:\MavenLocalRepozitory\com\fasterxml\jackson\core\jackson-databind\2.11.4\jackson-databind-2.11.4.jar;C:\MavenLocalRepozitory\com\fasterxml\jackson\core\jackson-annotations\2.11.4\jackson-annotations-2.11.4.jar;C:\MavenLocalRepozitory\com\fasterxml\jackson\core\jackson-core\2.11.4\jackson-core-2.11.4.jar;C:\MavenLocalRepozitory\com\fasterxml\jackson\datatype\jackson-datatype-jdk8\2.11.4\jackson-datatype-jdk8-2.11.4.jar;C:\MavenLocalRepozitory\com\fasterxml\jackson\datatype\jackson-datatype-jsr310\2.11.4\jackson-datatype-jsr310-2.11.4.jar;C:\MavenLocalRepozitory\com\fasterxml\jackson\module\jackson-module-parameter-names\2.11.4\jackson-module-parameter-names-2.11.4.jar;C:\MavenLocalRepozitory\org\springframework\boot\spring-boot-starter-tomcat\2.4.2\spring-boot-starter-tomcat-2.4.2.jar;C:\MavenLocalRepozitory\org\apache\tomcat\embed\tomcat-embed-core\9.0.41\tomcat-embed-core-9.0.41.jar;C:\MavenLocalRepozitory\org\glassfish\jakarta.el\3.0.3\jakarta.el-3.0.3.jar;C:\MavenLocalRepozitory\org\apache\tomcat\embed\tomcat-embed-websocket\9.0.41\tomcat-embed-websocket-9.0.41.jar;C:\MavenLocalRepozitory\org\springframework\spring-web\5.3.3\spring-web-5.3.3.jar;C:\MavenLocalRepozitory\org\springframework\spring-beans\5.3.3\spring-beans-5.3.3.jar;C:\MavenLocalRepozitory\org\springframework\spring-webmvc\5.3.3\spring-webmvc-5.3.3.jar;C:\MavenLocalRepozitory\org\springframework\spring-context\5.3.3\spring-context-5.3.3.jar;C:\MavenLocalRepozitory\org\springframework\spring-expression\5.3.3\spring-expression-5.3.3.jar;C:\MavenLocalRepozitory\org\springframework\boot\spring-boot-starter-test\2.4.2\spring-boot-starter-test-2.4.2.jar;C:\MavenLocalRepozitory\org\springframework\boot\spring-boot-test\2.4.2\spring-boot-test-2.4.2.jar;C:\MavenLocalRepozitory\org\springframework\boot\spring-boot-test-autoconfigure\2.4.2\spring-boot-test-autoconfigure-2.4.2.jar;C:\MavenLocalRepozitory\com\jayway\jsonpath\json-path\2.4.0\json-path-2.4.0.jar;C:\MavenLocalRepozitory\net\minidev\json-smart\2.3\json-smart-2.3.jar;C:\MavenLocalRepozitory\net\minidev\accessors-smart\1.2\accessors-smart-1.2.jar;C:\MavenLocalRepozitory\org\ow2\asm\asm\5.0.4\asm-5.0.4.jar;C:\MavenLocalRepozitory\jakarta\xml\bind\jakarta.xml.bind-api\2.3.3\jakarta.xml.bind-api-2.3.3.jar;C:\MavenLocalRepozitory\jakarta\activation\jakarta.activation-api\1.2.2\jakarta.activation-api-1.2.2.jar;C:\MavenLocalRepozitory\org\assertj\assertj-core\3.18.1\assertj-core-3.18.1.jar;C:\MavenLocalRepozitory\org\hamcrest\hamcrest\2.2\hamcrest-2.2.jar;C:\MavenLocalRepozitory\org\junit\jupiter\junit-jupiter\5.7.0\junit-jupiter-5.7.0.jar;C:\MavenLocalRepozitory\org\junit\jupiter\junit-jupiter-api\5.7.0\junit-jupiter-api-5.7.0.jar;C:\MavenLocalRepozitory\org\apiguardian\apiguardian-api\1.1.0\apiguardian-api-1.1.0.jar;C:\MavenLocalRepozitory\org\opentest4j\opentest4j\1.2.0\opentest4j-1.2.0.jar;C:\MavenLocalRepozitory\org\junit\platform\junit-platform-commons\1.7.0\junit-platform-commons-1.7.0.jar;C:\MavenLocalRepozitory\org\junit\jupiter\junit-jupiter-params\5.7.0\junit-jupiter-params-5.7.0.jar;C:\MavenLocalRepozitory\org\junit\jupiter\junit-jupiter-engine\5.7.0\junit-jupiter-engine-5.7.0.jar;C:\MavenLocalRepozitory\org\junit\platform\junit-platform-engine\1.7.0\junit-platform-engine-1.7.0.jar;C:\MavenLocalRepozitory\org\mockito\mockito-core\3.6.28\mockito-core-3.6.28.jar;C:\MavenLocalRepozitory\net\bytebuddy\byte-buddy\1.10.19\byte-buddy-1.10.19.jar;C:\MavenLocalRepozitory\net\bytebuddy\byte-buddy-agent\1.10.19\byte-buddy-agent-1.10.19.jar;C:\MavenLocalRepozitory\org\objenesis\objenesis\3.1\objenesis-3.1.jar;C:\MavenLocalRepozitory\org\mockito\mockito-junit-jupiter\3.6.28\mockito-junit-jupiter-3.6.28.jar;C:\MavenLocalRepozitory\org\skyscreamer\jsonassert\1.5.0\jsonassert-1.5.0.jar;C:\MavenLocalRepozitory\com\vaadin\external\google\android-json\0.0.20131108.vaadin1\android-json-0.0.20131108.vaadin1.jar;C:\MavenLocalRepozitory\org\springframework\spring-core\5.3.3\spring-core-5.3.3.jar;C:\MavenLocalRepozitory\org\springframework\spring-jcl\5.3.3\spring-jcl-5.3.3.jar;C:\MavenLocalRepozitory\org\springframework\spring-test\5.3.3\spring-test-5.3.3.jar;C:\MavenLocalRepozitory\org\xmlunit\xmlunit-core\2.7.0\xmlunit-core-2.7.0.jar;C:\MavenLocalRepozitory\org\springframework\boot\spring-boot-starter-aop\2.4.2\spring-boot-starter-aop-2.4.2.jar;C:\MavenLocalRepozitory\org\springframework\spring-aop\5.3.3\spring-aop-5.3.3.jar;C:\MavenLocalRepozitory\org\aspectj\aspectjweaver\1.9.6\aspectjweaver-1.9.6.jar;C:\MavenLocalRepozitory\org\springframework\boot\spring-boot-starter-data-jpa\2.4.2\spring-boot-starter-data-jpa-2.4.2.jar;C:\MavenLocalRepozitory\org\springframework\boot\spring-boot-starter-jdbc\2.4.2\spring-boot-starter-jdbc-2.4.2.jar;C:\MavenLocalRepozitory\com\zaxxer\HikariCP\3.4.5\HikariCP-3.4.5.jar;C:\MavenLocalRepozitory\org\springframework\spring-jdbc\5.3.3\spring-jdbc-5.3.3.jar;C:\MavenLocalRepozitory\jakarta\transaction\jakarta.transaction-api\1.3.3\jakarta.transaction-api-1.3.3.jar;C:\MavenLocalRepozitory\jakarta\persistence\jakarta.persistence-api\2.2.3\jakarta.persistence-api-2.2.3.jar;C:\MavenLocalRepozitory\org\hibernate\hibernate-core\5.4.27.Final\hibernate-core-5.4.27.Final.jar;C:\MavenLocalRepozitory\org\jboss\logging\jboss-logging\3.4.1.Final\jboss-logging-3.4.1.Final.jar;C:\MavenLocalRepozitory\org\javassist\javassist\3.27.0-GA\javassist-3.27.0-GA.jar;C:\MavenLocalRepozitory\antlr\antlr\2.7.7\antlr-2.7.7.jar;C:\MavenLocalRepozitory\org\jboss\jandex\2.1.3.Final\jandex-2.1.3.Final.jar;C:\MavenLocalRepozitory\com\fasterxml\classmate\1.5.1\classmate-1.5.1.jar;C:\MavenLocalRepozitory\org\dom4j\dom4j\2.1.3\dom4j-2.1.3.jar;C:\MavenLocalRepozitory\org\hibernate\common\hibernate-commons-annotations\5.1.2.Final\hibernate-commons-annotations-5.1.2.Final.jar;C:\MavenLocalRepozitory\org\glassfish\jaxb\jaxb-runtime\2.3.3\jaxb-runtime-2.3.3.jar;C:\MavenLocalRepozitory\org\glassfish\jaxb\txw2\2.3.3\txw2-2.3.3.jar;C:\MavenLocalRepozitory\com\sun\istack\istack-commons-runtime\3.0.11\istack-commons-runtime-3.0.11.jar;C:\MavenLocalRepozitory\com\sun\activation\jakarta.activation\1.2.2\jakarta.activation-1.2.2.jar;C:\MavenLocalRepozitory\org\springframework\data\spring-data-jpa\2.4.3\spring-data-jpa-2.4.3.jar;C:\MavenLocalRepozitory\org\springframework\data\spring-data-commons\2.4.3\spring-data-commons-2.4.3.jar;C:\MavenLocalRepozitory\org\springframework\spring-orm\5.3.3\spring-orm-5.3.3.jar;C:\MavenLocalRepozitory\org\springframework\spring-tx\5.3.3\spring-tx-5.3.3.jar;C:\MavenLocalRepozitory\org\springframework\spring-aspects\5.3.3\spring-aspects-5.3.3.jar;C:\MavenLocalRepozitory\com\h2database\h2\1.4.200\h2-1.4.200.jar;C:\MavenLocalRepozitory\org\postgresql\postgresql\42.2.18\postgresql-42.2.18.jar;C:\MavenLocalRepozitory\org\checkerframework\checker-qual\3.5.0\checker-qual-3.5.0.jar;C:\MavenLocalRepozitory\org\liquibase\liquibase-core\3.10.3\liquibase-core-3.10.3.jar;C:\MavenLocalRepozitory\javax\xml\bind\jaxb-api\2.3.1\jaxb-api-2.3.1.jar;C:\MavenLocalRepozitory\javax\activation\javax.activation-api\1.2.0\javax.activation-api-1.2.0.jar;C:\MavenLocalRepozitory\org\slf4j\slf4j-api\1.7.30\slf4j-api-1.7.30.jar;"/>
    <property name="sun.cpu.endian" value="little"/>
    <property name="user.home" value="C:\Users\Лев"/>
    <property name="user.language" value="ru"/>
    <property name="java.specification.vendor" value="Oracle Corporation"/>
    <property name="java.home" value="C:\Program Files\Java\jdk1.8.0_281\jre"/>
    <property name="basedir" value="C:\_PROJECTS_\microlessons\lesson5"/>
    <property name="file.separator" value="\"/>
    <property name="line.separator" value="&#10;"/>
    <property name="java.vm.specification.vendor" value="Oracle Corporation"/>
    <property name="java.specification.name" value="Java Platform API Specification"/>
    <property name="java.awt.graphicsenv" value="sun.awt.Win32GraphicsEnvironment"/>
    <property name="surefire.real.class.path" value="C:\Users\A04D~1\AppData\Local\Temp\surefire7196799184761437808\surefirebooter3454470355713647657.jar"/>
    <property name="sun.boot.class.path" value="C:\Program Files\Java\jdk1.8.0_281\jre\lib\resources.jar;C:\Program Files\Java\jdk1.8.0_281\jre\lib\rt.jar;C:\Program Files\Java\jdk1.8.0_281\jre\lib\sunrsasign.jar;C:\Program Files\Java\jdk1.8.0_281\jre\lib\jsse.jar;C:\Program Files\Java\jdk1.8.0_281\jre\lib\jce.jar;C:\Program Files\Java\jdk1.8.0_281\jre\lib\charsets.jar;C:\Program Files\Java\jdk1.8.0_281\jre\lib\jfr.jar;C:\Program Files\Java\jdk1.8.0_281\jre\classes"/>
    <property name="user.script" value=""/>
    <property name="sun.management.compiler" value="HotSpot 64-Bit Tiered Compilers"/>
    <property name="java.runtime.version" value="1.8.0_281-b09"/>
    <property name="user.name" value="Лев"/>
    <property name="path.separator" value=";"/>
    <property name="os.version" value="10.0"/>
    <property name="java.endorsed.dirs" value="C:\Program Files\Java\jdk1.8.0_281\jre\lib\endorsed"/>
    <property name="java.runtime.name" value="Java(TM) SE Runtime Environment"/>
    <property name="file.encoding" value="Cp1251"/>
    <property name="java.vm.name" value="Java HotSpot(TM) 64-Bit Server VM"/>
    <property name="localRepository" value="C:\MavenLocalRepozitory"/>
    <property name="java.vendor.url.bug" value="http://bugreport.sun.com/bugreport/"/>
    <property name="java.io.tmpdir" value="C:\Users\A04D~1\AppData\Local\Temp\"/>
    <property name="idea.version" value="2020.3.3"/>
    <property name="java.version" value="1.8.0_281"/>
    <property name="user.dir" value="C:\_PROJECTS_\microlessons\lesson5"/>
    <property name="os.arch" value="amd64"/>
    <property name="java.vm.specification.name" value="Java Virtual Machine Specification"/>
    <property name="java.awt.printerjob" value="sun.awt.windows.WPrinterJob"/>
    <property name="sun.os.patch.level" value=""/>
    <property name="java.library.path" value="C:\Program Files\Java\jdk1.8.0_281\jre\bin;C:\WINDOWS\Sun\Java\bin;C:\WINDOWS\system32;C:\WINDOWS;C:\Program Files (x86)\Common Files\Oracle\Java\javapath;C:\Program Files\Common Files\Oracle\Java\javapath;C:\WINDOWS\system32;C:\WINDOWS;C:\WINDOWS\System32\Wbem;C:\WINDOWS\System32\WindowsPowerShell\v1.0\;C:\WINDOWS\System32\OpenSSH\;C:\Program Files\Java\jdk1.8.0_281;C:\Program Files\Git\cmd;C:\apache-maven-3.6.3\bin;C:\Program Files\TortoiseGit\bin;C:\Program Files (x86)\Common Files\Acronis\SnapAPI\;C:\Program Files (x86)\Common Files\Acronis\VirtualFile\;C:\Program Files (x86)\Common Files\Acronis\VirtualFile64\;C:\Program Files (x86)\Common Files\Acronis\FileProtector\;C:\Program Files (x86)\Common Files\Acronis\FileProtector64\;C:\Program Files (x86)\PuTTY\;C:\Program Files\NVIDIA Corporation\NVIDIA NvDLISR;C:\Users\Лев\AppData\Local\Microsoft\WindowsApps;C:\Users\Лев\AppData\Local\GitHubDesktop\bin;."/>
    <property name="java.vm.info" value="mixed mode"/>
    <property name="java.vendor" value="Oracle Corporation"/>
    <property name="java.vm.version" value="25.281-b09"/>
    <property name="java.ext.dirs" value="C:\Program Files\Java\jdk1.8.0_281\jre\lib\ext;C:\WINDOWS\Sun\Java\lib\ext"/>
    <property name="sun.io.unicode.encoding" value="UnicodeLittle"/>
    <property name="java.class.version" value="52.0"/>
  </properties>
  <testcase name="contextLoads" classname="ru.leo.springDemo.RestServiceApplicationTests" time="0.001">
    <error message="Failed to load ApplicationContext" type="java.lang.IllegalStateException">java.lang.IllegalStateException: Failed to load ApplicationContext
Caused by: org.springframework.beans.factory.BeanCreationException: Error creating bean with name 'liquibase' defined in class path resource [org/springframework/boot/autoconfigure/liquibase/LiquibaseAutoConfiguration$LiquibaseConfiguration.class]: Invocation of init method failed; nested exception is liquibase.exception.ChangeLogParseException: Error parsing classpath:/db/changelog/db.changelog-master.yaml
Caused by: liquibase.exception.ChangeLogParseException: Error parsing classpath:/db/changelog/db.changelog-master.yaml
Caused by: java.io.FileNotFoundException: class path resource [db/changelog/db.changelog-master.yaml] cannot be resolved to URL because it does not exist
</error>
    <system-out><![CDATA[23:16:16.957 [main] DEBUG org.springframework.test.context.BootstrapUtils - Instantiating CacheAwareContextLoaderDelegate from class [org.springframework.test.context.cache.DefaultCacheAwareContextLoaderDelegate]
23:16:16.973 [main] DEBUG org.springframework.test.context.BootstrapUtils - Instantiating BootstrapContext using constructor [public org.springframework.test.context.support.DefaultBootstrapContext(java.lang.Class,org.springframework.test.context.CacheAwareContextLoaderDelegate)]
23:16:17.009 [main] DEBUG org.springframework.test.context.BootstrapUtils - Instantiating TestContextBootstrapper for test class [ru.leo.springDemo.RestServiceApplicationTests] from class [org.springframework.boot.test.context.SpringBootTestContextBootstrapper]
23:16:17.025 [main] INFO org.springframework.boot.test.context.SpringBootTestContextBootstrapper - Neither @ContextConfiguration nor @ContextHierarchy found for test class [ru.leo.springDemo.RestServiceApplicationTests], using SpringBootContextLoader
23:16:17.029 [main] DEBUG org.springframework.test.context.support.AbstractContextLoader - Did not detect default resource location for test class [ru.leo.springDemo.RestServiceApplicationTests]: class path resource [ru/leo/springDemo/RestServiceApplicationTests-context.xml] does not exist
23:16:17.029 [main] DEBUG org.springframework.test.context.support.AbstractContextLoader - Did not detect default resource location for test class [ru.leo.springDemo.RestServiceApplicationTests]: class path resource [ru/leo/springDemo/RestServiceApplicationTestsContext.groovy] does not exist
23:16:17.029 [main] INFO org.springframework.test.context.support.AbstractContextLoader - Could not detect default resource locations for test class [ru.leo.springDemo.RestServiceApplicationTests]: no resource found for suffixes {-context.xml, Context.groovy}.
23:16:17.031 [main] INFO org.springframework.test.context.support.AnnotationConfigContextLoaderUtils - Could not detect default configuration classes for test class [ru.leo.springDemo.RestServiceApplicationTests]: RestServiceApplicationTests does not declare any static, non-private, non-final, nested classes annotated with @Configuration.
23:16:17.085 [main] DEBUG org.springframework.test.context.support.ActiveProfilesUtils - Could not find an 'annotation declaring class' for annotation type [org.springframework.test.context.ActiveProfiles] and class [ru.leo.springDemo.RestServiceApplicationTests]
23:16:17.158 [main] DEBUG org.springframework.context.annotation.ClassPathScanningCandidateComponentProvider - Identified candidate component class: file [C:\_PROJECTS_\microlessons\lesson5\target\classes\ru\leo\springDemo\RestServiceApplication.class]
23:16:17.160 [main] INFO org.springframework.boot.test.context.SpringBootTestContextBootstrapper - Found @SpringBootConfiguration ru.leo.springDemo.RestServiceApplication for test class ru.leo.springDemo.RestServiceApplicationTests
23:16:17.276 [main] DEBUG org.springframework.boot.test.context.SpringBootTestContextBootstrapper - @TestExecutionListeners is not present for class [ru.leo.springDemo.RestServiceApplicationTests]: using defaults.
23:16:17.277 [main] INFO org.springframework.boot.test.context.SpringBootTestContextBootstrapper - Loaded default TestExecutionListener class names from location [META-INF/spring.factories]: [org.springframework.boot.test.mock.mockito.MockitoTestExecutionListener, org.springframework.boot.test.mock.mockito.ResetMocksTestExecutionListener, org.springframework.boot.test.autoconfigure.restdocs.RestDocsTestExecutionListener, org.springframework.boot.test.autoconfigure.web.client.MockRestServiceServerResetTestExecutionListener, org.springframework.boot.test.autoconfigure.web.servlet.MockMvcPrintOnlyOnFailureTestExecutionListener, org.springframework.boot.test.autoconfigure.web.servlet.WebDriverTestExecutionListener, org.springframework.boot.test.autoconfigure.webservices.client.MockWebServiceServerTestExecutionListener, org.springframework.test.context.web.ServletTestExecutionListener, org.springframework.test.context.support.DirtiesContextBeforeModesTestExecutionListener, org.springframework.test.context.event.ApplicationEventsTestExecutionListener, org.springframework.test.context.support.DependencyInjectionTestExecutionListener, org.springframework.test.context.support.DirtiesContextTestExecutionListener, org.springframework.test.context.transaction.TransactionalTestExecutionListener, org.springframework.test.context.jdbc.SqlScriptsTestExecutionListener, org.springframework.test.context.event.EventPublishingTestExecutionListener]
23:16:17.298 [main] INFO org.springframework.boot.test.context.SpringBootTestContextBootstrapper - Using TestExecutionListeners: [org.springframework.test.context.web.ServletTestExecutionListener@5f049ea1, org.springframework.test.context.support.DirtiesContextBeforeModesTestExecutionListener@72cc7e6f, org.springframework.test.context.event.ApplicationEventsTestExecutionListener@5afa3c9, org.springframework.boot.test.mock.mockito.MockitoTestExecutionListener@72035809, org.springframework.boot.test.autoconfigure.SpringBootDependencyInjectionTestExecutionListener@909217e, org.springframework.test.context.support.DirtiesContextTestExecutionListener@18271936, org.springframework.test.context.transaction.TransactionalTestExecutionListener@606e4010, org.springframework.test.context.jdbc.SqlScriptsTestExecutionListener@8458f04, org.springframework.test.context.event.EventPublishingTestExecutionListener@48075da3, org.springframework.boot.test.mock.mockito.ResetMocksTestExecutionListener@68c9133c, org.springframework.boot.test.autoconfigure.restdocs.RestDocsTestExecutionListener@7a35b0f5, org.springframework.boot.test.autoconfigure.web.client.MockRestServiceServerResetTestExecutionListener@5e2c3d18, org.springframework.boot.test.autoconfigure.web.servlet.MockMvcPrintOnlyOnFailureTestExecutionListener@2cb4893b, org.springframework.boot.test.autoconfigure.web.servlet.WebDriverTestExecutionListener@cc43f62, org.springframework.boot.test.autoconfigure.webservices.client.MockWebServiceServerTestExecutionListener@5b218417]
23:16:17.302 [main] DEBUG org.springframework.test.context.support.AbstractDirtiesContextTestExecutionListener - Before test class: context [DefaultTestContext@710c2b53 testClass = RestServiceApplicationTests, testInstance = [null], testMethod = [null], testException = [null], mergedContextConfiguration = [WebMergedContextConfiguration@5386659f testClass = RestServiceApplicationTests, locations = '{}', classes = '{class ru.leo.springDemo.RestServiceApplication}', contextInitializerClasses = '[]', activeProfiles = '{}', propertySourceLocations = '{}', propertySourceProperties = '{org.springframework.boot.test.context.SpringBootTestContextBootstrapper=true}', contextCustomizers = set[org.springframework.boot.test.context.filter.ExcludeFilterContextCustomizer@f5ac9e4, org.springframework.boot.test.json.DuplicateJsonObjectContextCustomizerFactory$DuplicateJsonObjectContextCustomizer@384ad17b, org.springframework.boot.test.mock.mockito.MockitoContextCustomizer@0, org.springframework.boot.test.web.client.TestRestTemplateContextCustomizer@694abbdc, org.springframework.boot.test.autoconfigure.actuate.metrics.MetricsExportContextCustomizerFactory$DisableMetricExportContextCustomizer@1fa268de, org.springframework.boot.test.autoconfigure.properties.PropertyMappingContextCustomizer@0, org.springframework.boot.test.autoconfigure.web.servlet.WebDriverContextCustomizerFactory$Customizer@6c64cb25, org.springframework.boot.test.context.SpringBootTestArgs@1, org.springframework.boot.test.context.SpringBootTestWebEnvironment@cc285f4], resourceBasePath = 'src/main/webapp', contextLoader = 'org.springframework.boot.test.context.SpringBootContextLoader', parent = [null]], attributes = map['org.springframework.test.context.web.ServletTestExecutionListener.activateListener' -> true]], class annotated with @DirtiesContext [false] with mode [null].
23:16:17.348 [main] DEBUG org.springframework.test.context.support.TestPropertySourceUtils - Adding inlined properties to environment: {spring.jmx.enabled=false, org.springframework.boot.test.context.SpringBootTestContextBootstrapper=true}

  .   ____          _            __ _ _
 /\\ / ___'_ __ _ _(_)_ __  __ _ \ \ \ \
( ( )\___ | '_ | '_| | '_ \/ _` | \ \ \ \
 \\/  ___)| |_)| | | | | || (_| |  ) ) ) )
  '  |____| .__|_| |_|_| |_\__, | / / / /
 =========|_|==============|___/=/_/_/_/
 :: Spring Boot ::                (v2.4.2)

2021-04-09 23:16:17.669  INFO 17488 --- [           main] r.l.s.RestServiceApplicationTests        : Starting RestServiceApplicationTests using Java 1.8.0_281 on Laptop with PID 17488 (started by Р›РµРІ in C:\_PROJECTS_\microlessons\lesson5)
2021-04-09 23:16:17.670  INFO 17488 --- [           main] r.l.s.RestServiceApplicationTests        : No active profile set, falling back to default profiles: default
2021-04-09 23:16:18.402  INFO 17488 --- [           main] .s.d.r.c.RepositoryConfigurationDelegate : Bootstrapping Spring Data JPA repositories in DEFAULT mode.
2021-04-09 23:16:18.459  INFO 17488 --- [           main] .s.d.r.c.RepositoryConfigurationDelegate : Finished Spring Data repository scanning in 47 ms. Found 1 JPA repository interfaces.
2021-04-09 23:16:19.307  INFO 17488 --- [           main] com.zaxxer.hikari.HikariDataSource       : HikariPool-1 - Starting...
2021-04-09 23:16:19.541  INFO 17488 --- [           main] com.zaxxer.hikari.HikariDataSource       : HikariPool-1 - Start completed.
2021-04-09 23:16:21.748  INFO 17488 --- [           main] l.lockservice.StandardLockService        : Successfully acquired change log lock
2021-04-09 23:16:21.775  INFO 17488 --- [           main] l.lockservice.StandardLockService        : Successfully released change log lock
2021-04-09 23:16:21.779  WARN 17488 --- [           main] o.s.w.c.s.GenericWebApplicationContext   : Exception encountered during context initialization - cancelling refresh attempt: org.springframework.beans.factory.BeanCreationException: Error creating bean with name 'liquibase' defined in class path resource [org/springframework/boot/autoconfigure/liquibase/LiquibaseAutoConfiguration$LiquibaseConfiguration.class]: Invocation of init method failed; nested exception is liquibase.exception.ChangeLogParseException: Error parsing classpath:/db/changelog/db.changelog-master.yaml
2021-04-09 23:16:21.779  INFO 17488 --- [           main] com.zaxxer.hikari.HikariDataSource       : HikariPool-1 - Shutdown initiated...
2021-04-09 23:16:21.782  INFO 17488 --- [           main] com.zaxxer.hikari.HikariDataSource       : HikariPool-1 - Shutdown completed.
2021-04-09 23:16:21.790  INFO 17488 --- [           main] ConditionEvaluationReportLoggingListener : 

Error starting ApplicationContext. To display the conditions report re-run your application with 'debug' enabled.
2021-04-09 23:16:21.807 ERROR 17488 --- [           main] o.s.b.d.LoggingFailureAnalysisReporter   : 

***************************
APPLICATION FAILED TO START
***************************

Description:

Liquibase failed to start because no changelog could be found at 'classpath:/db/changelog/db.changelog-master.yaml'.

Action:

Make sure a Liquibase changelog is present at the configured path.

2021-04-09 23:16:21.812 ERROR 17488 --- [           main] o.s.test.context.TestContextManager      : Caught exception while allowing TestExecutionListener [org.springframework.test.context.web.ServletTestExecutionListener@5f049ea1] to prepare test instance [ru.leo.springDemo.RestServiceApplicationTests@51297528]

java.lang.IllegalStateException: Failed to load ApplicationContext
	at org.springframework.test.context.cache.DefaultCacheAwareContextLoaderDelegate.loadContext(DefaultCacheAwareContextLoaderDelegate.java:132) ~[spring-test-5.3.3.jar:5.3.3]
	at org.springframework.test.context.support.DefaultTestContext.getApplicationContext(DefaultTestContext.java:124) ~[spring-test-5.3.3.jar:5.3.3]
	at org.springframework.test.context.web.ServletTestExecutionListener.setUpRequestContextIfNecessary(ServletTestExecutionListener.java:190) ~[spring-test-5.3.3.jar:5.3.3]
	at org.springframework.test.context.web.ServletTestExecutionListener.prepareTestInstance(ServletTestExecutionListener.java:132) ~[spring-test-5.3.3.jar:5.3.3]
	at org.springframework.test.context.TestContextManager.prepareTestInstance(TestContextManager.java:244) ~[spring-test-5.3.3.jar:5.3.3]
	at org.springframework.test.context.junit.jupiter.SpringExtension.postProcessTestInstance(SpringExtension.java:138) [spring-test-5.3.3.jar:5.3.3]
	at org.junit.jupiter.engine.descriptor.ClassBasedTestDescriptor.lambda$invokeTestInstancePostProcessors$6(ClassBasedTestDescriptor.java:350) [junit-jupiter-engine-5.7.0.jar:5.7.0]
	at org.junit.jupiter.engine.descriptor.ClassBasedTestDescriptor.executeAndMaskThrowable(ClassBasedTestDescriptor.java:355) [junit-jupiter-engine-5.7.0.jar:5.7.0]
	at org.junit.jupiter.engine.descriptor.ClassBasedTestDescriptor.lambda$invokeTestInstancePostProcessors$7(ClassBasedTestDescriptor.java:350) [junit-jupiter-engine-5.7.0.jar:5.7.0]
	at java.util.stream.ReferencePipeline$3$1.accept(ReferencePipeline.java:193) ~[na:1.8.0_281]
	at java.util.stream.ReferencePipeline$2$1.accept(ReferencePipeline.java:175) ~[na:1.8.0_281]
	at java.util.ArrayList$ArrayListSpliterator.forEachRemaining(ArrayList.java:1384) ~[na:1.8.0_281]
	at java.util.stream.AbstractPipeline.copyInto(AbstractPipeline.java:482) ~[na:1.8.0_281]
	at java.util.stream.AbstractPipeline.wrapAndCopyInto(AbstractPipeline.java:472) ~[na:1.8.0_281]
	at java.util.stream.StreamSpliterators$WrappingSpliterator.forEachRemaining(StreamSpliterators.java:312) ~[na:1.8.0_281]
	at java.util.stream.Streams$ConcatSpliterator.forEachRemaining(Streams.java:743) ~[na:1.8.0_281]
	at java.util.stream.Streams$ConcatSpliterator.forEachRemaining(Streams.java:742) ~[na:1.8.0_281]
	at java.util.stream.ReferencePipeline$Head.forEach(ReferencePipeline.java:580) ~[na:1.8.0_281]
	at org.junit.jupiter.engine.descriptor.ClassBasedTestDescriptor.invokeTestInstancePostProcessors(ClassBasedTestDescriptor.java:349) [junit-jupiter-engine-5.7.0.jar:5.7.0]
	at org.junit.jupiter.engine.descriptor.ClassBasedTestDescriptor.lambda$instantiateAndPostProcessTestInstance$4(ClassBasedTestDescriptor.java:270) [junit-jupiter-engine-5.7.0.jar:5.7.0]
	at org.junit.platform.engine.support.hierarchical.ThrowableCollector.execute(ThrowableCollector.java:73) ~[junit-platform-engine-1.7.0.jar:1.7.0]
	at org.junit.jupiter.engine.descriptor.ClassBasedTestDescriptor.instantiateAndPostProcessTestInstance(ClassBasedTestDescriptor.java:269) [junit-jupiter-engine-5.7.0.jar:5.7.0]
	at org.junit.jupiter.engine.descriptor.ClassBasedTestDescriptor.lambda$testInstancesProvider$2(ClassBasedTestDescriptor.java:259) [junit-jupiter-engine-5.7.0.jar:5.7.0]
	at java.util.Optional.orElseGet(Optional.java:267) ~[na:1.8.0_281]
	at org.junit.jupiter.engine.descriptor.ClassBasedTestDescriptor.lambda$testInstancesProvider$3(ClassBasedTestDescriptor.java:258) [junit-jupiter-engine-5.7.0.jar:5.7.0]
	at org.junit.jupiter.engine.execution.TestInstancesProvider.getTestInstances(TestInstancesProvider.java:31) ~[junit-jupiter-engine-5.7.0.jar:5.7.0]
	at org.junit.jupiter.engine.descriptor.TestMethodTestDescriptor.lambda$prepare$0(TestMethodTestDescriptor.java:101) ~[junit-jupiter-engine-5.7.0.jar:5.7.0]
	at org.junit.platform.engine.support.hierarchical.ThrowableCollector.execute(ThrowableCollector.java:73) ~[junit-platform-engine-1.7.0.jar:1.7.0]
	at org.junit.jupiter.engine.descriptor.TestMethodTestDescriptor.prepare(TestMethodTestDescriptor.java:100) ~[junit-jupiter-engine-5.7.0.jar:5.7.0]
	at org.junit.jupiter.engine.descriptor.TestMethodTestDescriptor.prepare(TestMethodTestDescriptor.java:65) ~[junit-jupiter-engine-5.7.0.jar:5.7.0]
	at org.junit.platform.engine.support.hierarchical.NodeTestTask.lambda$prepare$1(NodeTestTask.java:111) ~[junit-platform-engine-1.7.0.jar:1.7.0]
	at org.junit.platform.engine.support.hierarchical.ThrowableCollector.execute(ThrowableCollector.java:73) ~[junit-platform-engine-1.7.0.jar:1.7.0]
	at org.junit.platform.engine.support.hierarchical.NodeTestTask.prepare(NodeTestTask.java:111) ~[junit-platform-engine-1.7.0.jar:1.7.0]
	at org.junit.platform.engine.support.hierarchical.NodeTestTask.execute(NodeTestTask.java:79) ~[junit-platform-engine-1.7.0.jar:1.7.0]
	at java.util.ArrayList.forEach(ArrayList.java:1259) ~[na:1.8.0_281]
	at org.junit.platform.engine.support.hierarchical.SameThreadHierarchicalTestExecutorService.invokeAll(SameThreadHierarchicalTestExecutorService.java:38) ~[junit-platform-engine-1.7.0.jar:1.7.0]
	at org.junit.platform.engine.support.hierarchical.NodeTestTask.lambda$executeRecursively$5(NodeTestTask.java:143) ~[junit-platform-engine-1.7.0.jar:1.7.0]
	at org.junit.platform.engine.support.hierarchical.ThrowableCollector.execute(ThrowableCollector.java:73) ~[junit-platform-engine-1.7.0.jar:1.7.0]
	at org.junit.platform.engine.support.hierarchical.NodeTestTask.lambda$executeRecursively$7(NodeTestTask.java:129) ~[junit-platform-engine-1.7.0.jar:1.7.0]
	at org.junit.platform.engine.support.hierarchical.Node.around(Node.java:137) ~[junit-platform-engine-1.7.0.jar:1.7.0]
	at org.junit.platform.engine.support.hierarchical.NodeTestTask.lambda$executeRecursively$8(NodeTestTask.java:127) ~[junit-platform-engine-1.7.0.jar:1.7.0]
	at org.junit.platform.engine.support.hierarchical.ThrowableCollector.execute(ThrowableCollector.java:73) ~[junit-platform-engine-1.7.0.jar:1.7.0]
	at org.junit.platform.engine.support.hierarchical.NodeTestTask.executeRecursively(NodeTestTask.java:126) ~[junit-platform-engine-1.7.0.jar:1.7.0]
	at org.junit.platform.engine.support.hierarchical.NodeTestTask.execute(NodeTestTask.java:84) ~[junit-platform-engine-1.7.0.jar:1.7.0]
	at java.util.ArrayList.forEach(ArrayList.java:1259) ~[na:1.8.0_281]
	at org.junit.platform.engine.support.hierarchical.SameThreadHierarchicalTestExecutorService.invokeAll(SameThreadHierarchicalTestExecutorService.java:38) ~[junit-platform-engine-1.7.0.jar:1.7.0]
	at org.junit.platform.engine.support.hierarchical.NodeTestTask.lambda$executeRecursively$5(NodeTestTask.java:143) ~[junit-platform-engine-1.7.0.jar:1.7.0]
	at org.junit.platform.engine.support.hierarchical.ThrowableCollector.execute(ThrowableCollector.java:73) ~[junit-platform-engine-1.7.0.jar:1.7.0]
	at org.junit.platform.engine.support.hierarchical.NodeTestTask.lambda$executeRecursively$7(NodeTestTask.java:129) ~[junit-platform-engine-1.7.0.jar:1.7.0]
	at org.junit.platform.engine.support.hierarchical.Node.around(Node.java:137) ~[junit-platform-engine-1.7.0.jar:1.7.0]
	at org.junit.platform.engine.support.hierarchical.NodeTestTask.lambda$executeRecursively$8(NodeTestTask.java:127) ~[junit-platform-engine-1.7.0.jar:1.7.0]
	at org.junit.platform.engine.support.hierarchical.ThrowableCollector.execute(ThrowableCollector.java:73) ~[junit-platform-engine-1.7.0.jar:1.7.0]
	at org.junit.platform.engine.support.hierarchical.NodeTestTask.executeRecursively(NodeTestTask.java:126) ~[junit-platform-engine-1.7.0.jar:1.7.0]
	at org.junit.platform.engine.support.hierarchical.NodeTestTask.execute(NodeTestTask.java:84) ~[junit-platform-engine-1.7.0.jar:1.7.0]
	at org.junit.platform.engine.support.hierarchical.SameThreadHierarchicalTestExecutorService.submit(SameThreadHierarchicalTestExecutorService.java:32) ~[junit-platform-engine-1.7.0.jar:1.7.0]
	at org.junit.platform.engine.support.hierarchical.HierarchicalTestExecutor.execute(HierarchicalTestExecutor.java:57) ~[junit-platform-engine-1.7.0.jar:1.7.0]
	at org.junit.platform.engine.support.hierarchical.HierarchicalTestEngine.execute(HierarchicalTestEngine.java:51) ~[junit-platform-engine-1.7.0.jar:1.7.0]
	at org.junit.platform.launcher.core.DefaultLauncher.execute(DefaultLauncher.java:220) ~[junit-platform-launcher-1.3.1.jar:1.3.1]
	at org.junit.platform.launcher.core.DefaultLauncher.lambda$execute$6(DefaultLauncher.java:188) ~[junit-platform-launcher-1.3.1.jar:1.3.1]
	at org.junit.platform.launcher.core.DefaultLauncher.withInterceptedStreams(DefaultLauncher.java:202) ~[junit-platform-launcher-1.3.1.jar:1.3.1]
	at org.junit.platform.launcher.core.DefaultLauncher.execute(DefaultLauncher.java:181) ~[junit-platform-launcher-1.3.1.jar:1.3.1]
	at org.junit.platform.launcher.core.DefaultLauncher.execute(DefaultLauncher.java:128) ~[junit-platform-launcher-1.3.1.jar:1.3.1]
	at org.apache.maven.surefire.junitplatform.JUnitPlatformProvider.invokeAllTests(JUnitPlatformProvider.java:150) ~[surefire-junit-platform-2.22.2.jar:2.22.2]
	at org.apache.maven.surefire.junitplatform.JUnitPlatformProvider.invoke(JUnitPlatformProvider.java:124) ~[surefire-junit-platform-2.22.2.jar:2.22.2]
	at org.apache.maven.surefire.booter.ForkedBooter.invokeProviderInSameClassLoader(ForkedBooter.java:384) ~[surefire-booter-2.22.2.jar:2.22.2]
	at org.apache.maven.surefire.booter.ForkedBooter.runSuitesInProcess(ForkedBooter.java:345) ~[surefire-booter-2.22.2.jar:2.22.2]
	at org.apache.maven.surefire.booter.ForkedBooter.execute(ForkedBooter.java:126) ~[surefire-booter-2.22.2.jar:2.22.2]
	at org.apache.maven.surefire.booter.ForkedBooter.main(ForkedBooter.java:418) ~[surefire-booter-2.22.2.jar:2.22.2]
Caused by: org.springframework.beans.factory.BeanCreationException: Error creating bean with name 'liquibase' defined in class path resource [org/springframework/boot/autoconfigure/liquibase/LiquibaseAutoConfiguration$LiquibaseConfiguration.class]: Invocation of init method failed; nested exception is liquibase.exception.ChangeLogParseException: Error parsing classpath:/db/changelog/db.changelog-master.yaml
	at org.springframework.beans.factory.support.AbstractAutowireCapableBeanFactory.initializeBean(AbstractAutowireCapableBeanFactory.java:1788) ~[spring-beans-5.3.3.jar:5.3.3]
	at org.springframework.beans.factory.support.AbstractAutowireCapableBeanFactory.doCreateBean(AbstractAutowireCapableBeanFactory.java:609) ~[spring-beans-5.3.3.jar:5.3.3]
	at org.springframework.beans.factory.support.AbstractAutowireCapableBeanFactory.createBean(AbstractAutowireCapableBeanFactory.java:531) ~[spring-beans-5.3.3.jar:5.3.3]
	at org.springframework.beans.factory.support.AbstractBeanFactory.lambda$doGetBean$0(AbstractBeanFactory.java:335) ~[spring-beans-5.3.3.jar:5.3.3]
	at org.springframework.beans.factory.support.DefaultSingletonBeanRegistry.getSingleton(DefaultSingletonBeanRegistry.java:234) ~[spring-beans-5.3.3.jar:5.3.3]
	at org.springframework.beans.factory.support.AbstractBeanFactory.doGetBean(AbstractBeanFactory.java:333) ~[spring-beans-5.3.3.jar:5.3.3]
	at org.springframework.beans.factory.support.AbstractBeanFactory.getBean(AbstractBeanFactory.java:208) ~[spring-beans-5.3.3.jar:5.3.3]
	at org.springframework.beans.factory.support.AbstractBeanFactory.doGetBean(AbstractBeanFactory.java:322) ~[spring-beans-5.3.3.jar:5.3.3]
	at org.springframework.beans.factory.support.AbstractBeanFactory.getBean(AbstractBeanFactory.java:208) ~[spring-beans-5.3.3.jar:5.3.3]
	at org.springframework.context.support.AbstractApplicationContext.getBean(AbstractApplicationContext.java:1159) ~[spring-context-5.3.3.jar:5.3.3]
	at org.springframework.context.support.AbstractApplicationContext.finishBeanFactoryInitialization(AbstractApplicationContext.java:913) ~[spring-context-5.3.3.jar:5.3.3]
	at org.springframework.context.support.AbstractApplicationContext.refresh(AbstractApplicationContext.java:588) ~[spring-context-5.3.3.jar:5.3.3]
	at org.springframework.boot.SpringApplication.refresh(SpringApplication.java:767) ~[spring-boot-2.4.2.jar:2.4.2]
	at org.springframework.boot.SpringApplication.refresh(SpringApplication.java:759) ~[spring-boot-2.4.2.jar:2.4.2]
	at org.springframework.boot.SpringApplication.refreshContext(SpringApplication.java:426) ~[spring-boot-2.4.2.jar:2.4.2]
	at org.springframework.boot.SpringApplication.run(SpringApplication.java:326) ~[spring-boot-2.4.2.jar:2.4.2]
	at org.springframework.boot.test.context.SpringBootContextLoader.loadContext(SpringBootContextLoader.java:123) ~[spring-boot-test-2.4.2.jar:2.4.2]
	at org.springframework.test.context.cache.DefaultCacheAwareContextLoaderDelegate.loadContextInternal(DefaultCacheAwareContextLoaderDelegate.java:99) ~[spring-test-5.3.3.jar:5.3.3]
	at org.springframework.test.context.cache.DefaultCacheAwareContextLoaderDelegate.loadContext(DefaultCacheAwareContextLoaderDelegate.java:124) ~[spring-test-5.3.3.jar:5.3.3]
	... 67 common frames omitted
Caused by: liquibase.exception.ChangeLogParseException: Error parsing classpath:/db/changelog/db.changelog-master.yaml
	at liquibase.parser.core.yaml.YamlChangeLogParser.parse(YamlChangeLogParser.java:83) ~[liquibase-core-3.10.3.jar:na]
	at liquibase.Liquibase.getDatabaseChangeLog(Liquibase.java:216) ~[liquibase-core-3.10.3.jar:na]
	at liquibase.Liquibase.update(Liquibase.java:189) ~[liquibase-core-3.10.3.jar:na]
	at liquibase.Liquibase.update(Liquibase.java:178) ~[liquibase-core-3.10.3.jar:na]
	at liquibase.integration.spring.SpringLiquibase.performUpdate(SpringLiquibase.java:368) ~[liquibase-core-3.10.3.jar:na]
	at liquibase.integration.spring.SpringLiquibase.afterPropertiesSet(SpringLiquibase.java:316) ~[liquibase-core-3.10.3.jar:na]
	at org.springframework.beans.factory.support.AbstractAutowireCapableBeanFactory.invokeInitMethods(AbstractAutowireCapableBeanFactory.java:1847) ~[spring-beans-5.3.3.jar:5.3.3]
	at org.springframework.beans.factory.support.AbstractAutowireCapableBeanFactory.initializeBean(AbstractAutowireCapableBeanFactory.java:1784) ~[spring-beans-5.3.3.jar:5.3.3]
	... 85 common frames omitted
Caused by: java.io.FileNotFoundException: class path resource [db/changelog/db.changelog-master.yaml] cannot be resolved to URL because it does not exist
	at org.springframework.core.io.ClassPathResource.getURL(ClassPathResource.java:195) ~[spring-core-5.3.3.jar:5.3.3]
	at liquibase.integration.spring.SpringLiquibase$SpringResourceOpener.getResourcesAsStream(SpringLiquibase.java:601) ~[liquibase-core-3.10.3.jar:na]
	at liquibase.util.StreamUtil.singleInputStream(StreamUtil.java:186) ~[liquibase-core-3.10.3.jar:na]
	at liquibase.parser.core.yaml.YamlChangeLogParser.parse(YamlChangeLogParser.java:26) ~[liquibase-core-3.10.3.jar:na]
	... 92 common frames omitted

]]></system-out>
  </testcase>
</testsuite>